{"/home/admin1/Documents/BLabz_Work-master/fundooApp/backend/server.js":{"path":"/home/admin1/Documents/BLabz_Work-master/fundooApp/backend/server.js","statementMap":{"0":{"start":{"line":1,"column":16},"end":{"line":1,"column":34}},"1":{"start":{"line":2,"column":17},"end":{"line":2,"column":36}},"2":{"start":{"line":3,"column":19},"end":{"line":3,"column":41}},"3":{"start":{"line":4,"column":14},"end":{"line":4,"column":42}},"4":{"start":{"line":5,"column":14},"end":{"line":5,"column":33}},"5":{"start":{"line":6,"column":25},"end":{"line":6,"column":53}},"6":{"start":{"line":7,"column":23},"end":{"line":7,"column":60}},"7":{"start":{"line":8,"column":25},"end":{"line":8,"column":64}},"8":{"start":{"line":9,"column":17},"end":{"line":9,"column":36}},"9":{"start":{"line":10,"column":0},"end":{"line":10,"column":55}},"10":{"start":{"line":11,"column":15},"end":{"line":11,"column":42}},"11":{"start":{"line":13,"column":0},"end":{"line":13,"column":28}},"12":{"start":{"line":15,"column":12},"end":{"line":15,"column":21}},"13":{"start":{"line":17,"column":18},"end":{"line":17,"column":47}},"14":{"start":{"line":18,"column":21},"end":{"line":18,"column":45}},"15":{"start":{"line":20,"column":16},"end":{"line":34,"column":1}},"16":{"start":{"line":35,"column":20},"end":{"line":35,"column":41}},"17":{"start":{"line":36,"column":0},"end":{"line":36,"column":68}},"18":{"start":{"line":73,"column":0},"end":{"line":73,"column":27}},"19":{"start":{"line":75,"column":0},"end":{"line":75,"column":30}},"20":{"start":{"line":76,"column":0},"end":{"line":78,"column":3}},"21":{"start":{"line":77,"column":2},"end":{"line":77,"column":19}},"22":{"start":{"line":80,"column":0},"end":{"line":82,"column":3}},"23":{"start":{"line":81,"column":2},"end":{"line":81,"column":19}},"24":{"start":{"line":84,"column":0},"end":{"line":84,"column":27}},"25":{"start":{"line":85,"column":0},"end":{"line":85,"column":20}},"26":{"start":{"line":87,"column":0},"end":{"line":90,"column":3}},"27":{"start":{"line":88,"column":2},"end":{"line":88,"column":58}},"28":{"start":{"line":89,"column":2},"end":{"line":89,"column":9}},"29":{"start":{"line":93,"column":0},"end":{"line":93,"column":21}}},"fnMap":{"0":{"name":"(anonymous_0)","decl":{"start":{"line":76,"column":23},"end":{"line":76,"column":24}},"loc":{"start":{"line":76,"column":45},"end":{"line":78,"column":1}},"line":76},"1":{"name":"(anonymous_1)","decl":{"start":{"line":80,"column":25},"end":{"line":80,"column":26}},"loc":{"start":{"line":80,"column":47},"end":{"line":82,"column":1}},"line":80},"2":{"name":"(anonymous_2)","decl":{"start":{"line":87,"column":29},"end":{"line":87,"column":30}},"loc":{"start":{"line":87,"column":35},"end":{"line":90,"column":1}},"line":87}},"branchMap":{},"s":{"0":1,"1":1,"2":1,"3":1,"4":1,"5":1,"6":1,"7":1,"8":1,"9":1,"10":1,"11":1,"12":1,"13":1,"14":1,"15":1,"16":1,"17":1,"18":1,"19":1,"20":1,"21":0,"22":1,"23":0,"24":1,"25":1,"26":1,"27":1,"28":1,"29":1},"f":{"0":0,"1":0,"2":1},"b":{},"_coverageSchema":"43e27e138ebf9cfc5966b082cf9a028302ed4184","hash":"629d14b25820db68d869b4019cd3a016f4d72099","contentHash":"0e07d51c0de68cf4b52044a7fb3cf8a4452562ce9e7fe2a5a6c8a54dbbcb3ffe"},"/home/admin1/Documents/BLabz_Work-master/fundooApp/backend/config/dbconfig.js":{"path":"/home/admin1/Documents/BLabz_Work-master/fundooApp/backend/config/dbconfig.js","statementMap":{"0":{"start":{"line":1,"column":17},"end":{"line":1,"column":36}},"1":{"start":{"line":2,"column":13},"end":{"line":2,"column":28}},"2":{"start":{"line":3,"column":0},"end":{"line":3,"column":67}},"3":{"start":{"line":5,"column":0},"end":{"line":30,"column":1}},"4":{"start":{"line":7,"column":4},"end":{"line":17,"column":6}},"5":{"start":{"line":11,"column":8},"end":{"line":16,"column":9}},"6":{"start":{"line":12,"column":12},"end":{"line":12,"column":56}},"7":{"start":{"line":14,"column":12},"end":{"line":14,"column":49}},"8":{"start":{"line":18,"column":4},"end":{"line":20,"column":7}},"9":{"start":{"line":19,"column":8},"end":{"line":19,"column":82}},"10":{"start":{"line":22,"column":4},"end":{"line":24,"column":7}},"11":{"start":{"line":23,"column":8},"end":{"line":23,"column":81}},"12":{"start":{"line":26,"column":4},"end":{"line":28,"column":7}},"13":{"start":{"line":27,"column":8},"end":{"line":27,"column":67}}},"fnMap":{"0":{"name":"dbConnection","decl":{"start":{"line":5,"column":26},"end":{"line":5,"column":38}},"loc":{"start":{"line":5,"column":41},"end":{"line":30,"column":1}},"line":5},"1":{"name":"(anonymous_1)","decl":{"start":{"line":10,"column":7},"end":{"line":10,"column":8}},"loc":{"start":{"line":10,"column":16},"end":{"line":17,"column":5}},"line":10},"2":{"name":"(anonymous_2)","decl":{"start":{"line":18,"column":40},"end":{"line":18,"column":41}},"loc":{"start":{"line":18,"column":52},"end":{"line":20,"column":5}},"line":18},"3":{"name":"(anonymous_3)","decl":{"start":{"line":22,"column":36},"end":{"line":22,"column":37}},"loc":{"start":{"line":22,"column":51},"end":{"line":24,"column":5}},"line":22},"4":{"name":"(anonymous_4)","decl":{"start":{"line":26,"column":43},"end":{"line":26,"column":44}},"loc":{"start":{"line":26,"column":55},"end":{"line":28,"column":5}},"line":26}},"branchMap":{"0":{"loc":{"start":{"line":11,"column":8},"end":{"line":16,"column":9}},"type":"if","locations":[{"start":{"line":11,"column":8},"end":{"line":16,"column":9}},{"start":{"line":11,"column":8},"end":{"line":16,"column":9}}],"line":11}},"s":{"0":1,"1":1,"2":1,"3":1,"4":1,"5":1,"6":0,"7":1,"8":1,"9":1,"10":1,"11":0,"12":1,"13":0},"f":{"0":1,"1":1,"2":1,"3":0,"4":0},"b":{"0":[0,1]},"_coverageSchema":"43e27e138ebf9cfc5966b082cf9a028302ed4184","hash":"a1e270f2250fdd32ae342a35a716902a8dca5968","contentHash":"a072eb23ce8d0d04350fb55155c5f5692152d86678c793cec3ca89fbe2628dd0"},"/home/admin1/Documents/BLabz_Work-master/fundooApp/backend/routes.js":{"path":"/home/admin1/Documents/BLabz_Work-master/fundooApp/backend/routes.js","statementMap":{"0":{"start":{"line":1,"column":16},"end":{"line":1,"column":34}},"1":{"start":{"line":2,"column":15},"end":{"line":2,"column":35}},"2":{"start":{"line":3,"column":19},"end":{"line":3,"column":57}},"3":{"start":{"line":4,"column":23},"end":{"line":4,"column":61}},"4":{"start":{"line":5,"column":24},"end":{"line":5,"column":63}},"5":{"start":{"line":6,"column":24},"end":{"line":6,"column":63}},"6":{"start":{"line":7,"column":30},"end":{"line":7,"column":75}},"7":{"start":{"line":8,"column":21},"end":{"line":8,"column":59}},"8":{"start":{"line":9,"column":14},"end":{"line":9,"column":53}},"9":{"start":{"line":10,"column":15},"end":{"line":10,"column":52}},"10":{"start":{"line":11,"column":17},"end":{"line":11,"column":36}},"11":{"start":{"line":23,"column":0},"end":{"line":23,"column":50}},"12":{"start":{"line":33,"column":0},"end":{"line":33,"column":57}},"13":{"start":{"line":34,"column":0},"end":{"line":34,"column":41}},"14":{"start":{"line":35,"column":0},"end":{"line":35,"column":53}},"15":{"start":{"line":36,"column":0},"end":{"line":36,"column":59}},"16":{"start":{"line":41,"column":0},"end":{"line":41,"column":88}},"17":{"start":{"line":47,"column":0},"end":{"line":47,"column":92}},"18":{"start":{"line":48,"column":0},"end":{"line":48,"column":97}},"19":{"start":{"line":49,"column":0},"end":{"line":49,"column":133}},"20":{"start":{"line":60,"column":0},"end":{"line":60,"column":61}},"21":{"start":{"line":70,"column":0},"end":{"line":70,"column":71}},"22":{"start":{"line":71,"column":0},"end":{"line":71,"column":63}},"23":{"start":{"line":75,"column":0},"end":{"line":75,"column":60}},"24":{"start":{"line":80,"column":0},"end":{"line":80,"column":64}},"25":{"start":{"line":81,"column":0},"end":{"line":81,"column":61}},"26":{"start":{"line":82,"column":0},"end":{"line":82,"column":52}},"27":{"start":{"line":83,"column":0},"end":{"line":83,"column":49}},"28":{"start":{"line":87,"column":0},"end":{"line":87,"column":75}},"29":{"start":{"line":92,"column":0},"end":{"line":92,"column":65}},"30":{"start":{"line":97,"column":0},"end":{"line":97,"column":81}},"31":{"start":{"line":98,"column":0},"end":{"line":98,"column":72}},"32":{"start":{"line":99,"column":0},"end":{"line":99,"column":70}},"33":{"start":{"line":104,"column":0},"end":{"line":104,"column":77}},"34":{"start":{"line":105,"column":0},"end":{"line":105,"column":84}},"35":{"start":{"line":110,"column":0},"end":{"line":110,"column":67}},"36":{"start":{"line":115,"column":0},"end":{"line":115,"column":79}},"37":{"start":{"line":116,"column":0},"end":{"line":116,"column":80}},"38":{"start":{"line":118,"column":0},"end":{"line":118,"column":23}}},"fnMap":{},"branchMap":{},"s":{"0":1,"1":1,"2":1,"3":1,"4":1,"5":1,"6":1,"7":1,"8":1,"9":1,"10":1,"11":1,"12":1,"13":1,"14":1,"15":1,"16":1,"17":1,"18":1,"19":1,"20":1,"21":1,"22":1,"23":1,"24":1,"25":1,"26":1,"27":1,"28":1,"29":1,"30":1,"31":1,"32":1,"33":1,"34":1,"35":1,"36":1,"37":1,"38":1},"f":{},"b":{},"_coverageSchema":"43e27e138ebf9cfc5966b082cf9a028302ed4184","hash":"f41c34fad5efc22508f8763931b538c0390d362e","contentHash":"dbbdd69bfd912fae3044fa0321b9fb2c7d1e7b0ef1b03f805d8f623e316fbf90"},"/home/admin1/Documents/BLabz_Work-master/fundooApp/backend/controller/userController.js":{"path":"/home/admin1/Documents/BLabz_Work-master/fundooApp/backend/controller/userController.js","statementMap":{"0":{"start":{"line":1,"column":20},"end":{"line":1,"column":53}},"1":{"start":{"line":5,"column":15},"end":{"line":5,"column":46}},"2":{"start":{"line":9,"column":29},"end":{"line":9,"column":31}},"3":{"start":{"line":10,"column":8},"end":{"line":52,"column":9}},"4":{"start":{"line":14,"column":12},"end":{"line":14,"column":77}},"5":{"start":{"line":16,"column":12},"end":{"line":16,"column":76}},"6":{"start":{"line":18,"column":12},"end":{"line":18,"column":85}},"7":{"start":{"line":20,"column":12},"end":{"line":20,"column":143}},"8":{"start":{"line":22,"column":12},"end":{"line":22,"column":99}},"9":{"start":{"line":24,"column":25},"end":{"line":24,"column":47}},"10":{"start":{"line":27,"column":12},"end":{"line":49,"column":13}},"11":{"start":{"line":28,"column":16},"end":{"line":28,"column":47}},"12":{"start":{"line":29,"column":16},"end":{"line":29,"column":47}},"13":{"start":{"line":30,"column":16},"end":{"line":30,"column":53}},"14":{"start":{"line":32,"column":31},"end":{"line":38,"column":17}},"15":{"start":{"line":41,"column":16},"end":{"line":48,"column":19}},"16":{"start":{"line":42,"column":20},"end":{"line":42,"column":49}},"17":{"start":{"line":43,"column":20},"end":{"line":43,"column":79}},"18":{"start":{"line":44,"column":20},"end":{"line":44,"column":47}},"19":{"start":{"line":45,"column":20},"end":{"line":45,"column":64}},"20":{"start":{"line":47,"column":20},"end":{"line":47,"column":52}},"21":{"start":{"line":51,"column":12},"end":{"line":51,"column":44}},"22":{"start":{"line":56,"column":29},"end":{"line":56,"column":31}},"23":{"start":{"line":57,"column":8},"end":{"line":86,"column":9}},"24":{"start":{"line":58,"column":12},"end":{"line":58,"column":85}},"25":{"start":{"line":62,"column":25},"end":{"line":62,"column":47}},"26":{"start":{"line":65,"column":12},"end":{"line":81,"column":13}},"27":{"start":{"line":66,"column":16},"end":{"line":66,"column":47}},"28":{"start":{"line":67,"column":16},"end":{"line":67,"column":47}},"29":{"start":{"line":68,"column":16},"end":{"line":68,"column":53}},"30":{"start":{"line":70,"column":31},"end":{"line":73,"column":17}},"31":{"start":{"line":74,"column":29},"end":{"line":74,"column":69}},"32":{"start":{"line":76,"column":16},"end":{"line":80,"column":17}},"33":{"start":{"line":77,"column":20},"end":{"line":77,"column":63}},"34":{"start":{"line":79,"column":20},"end":{"line":79,"column":55}},"35":{"start":{"line":85,"column":12},"end":{"line":85,"column":44}},"36":{"start":{"line":90,"column":26},"end":{"line":92,"column":9}},"37":{"start":{"line":93,"column":8},"end":{"line":97,"column":10}},"38":{"start":{"line":94,"column":12},"end":{"line":94,"column":45}},"39":{"start":{"line":96,"column":12},"end":{"line":96,"column":44}},"40":{"start":{"line":101,"column":29},"end":{"line":101,"column":31}},"41":{"start":{"line":102,"column":8},"end":{"line":136,"column":9}},"42":{"start":{"line":103,"column":12},"end":{"line":103,"column":143}},"43":{"start":{"line":105,"column":25},"end":{"line":105,"column":47}},"44":{"start":{"line":107,"column":12},"end":{"line":130,"column":13}},"45":{"start":{"line":108,"column":16},"end":{"line":108,"column":47}},"46":{"start":{"line":109,"column":16},"end":{"line":109,"column":70}},"47":{"start":{"line":110,"column":16},"end":{"line":110,"column":47}},"48":{"start":{"line":111,"column":16},"end":{"line":111,"column":53}},"49":{"start":{"line":113,"column":33},"end":{"line":116,"column":17}},"50":{"start":{"line":117,"column":16},"end":{"line":129,"column":18}},"51":{"start":{"line":118,"column":20},"end":{"line":118,"column":49}},"52":{"start":{"line":119,"column":20},"end":{"line":119,"column":78}},"53":{"start":{"line":120,"column":20},"end":{"line":120,"column":47}},"54":{"start":{"line":121,"column":20},"end":{"line":121,"column":63}},"55":{"start":{"line":124,"column":20},"end":{"line":124,"column":50}},"56":{"start":{"line":125,"column":20},"end":{"line":125,"column":67}},"57":{"start":{"line":126,"column":20},"end":{"line":126,"column":47}},"58":{"start":{"line":127,"column":20},"end":{"line":127,"column":63}},"59":{"start":{"line":132,"column":12},"end":{"line":132,"column":42}},"60":{"start":{"line":133,"column":12},"end":{"line":133,"column":63}},"61":{"start":{"line":134,"column":12},"end":{"line":134,"column":39}},"62":{"start":{"line":135,"column":12},"end":{"line":135,"column":55}},"63":{"start":{"line":141,"column":19},"end":{"line":145,"column":9}},"64":{"start":{"line":146,"column":8},"end":{"line":146,"column":47}},"65":{"start":{"line":147,"column":8},"end":{"line":153,"column":10}},"66":{"start":{"line":148,"column":12},"end":{"line":152,"column":13}},"67":{"start":{"line":149,"column":16},"end":{"line":149,"column":48}},"68":{"start":{"line":151,"column":16},"end":{"line":151,"column":49}},"69":{"start":{"line":157,"column":8},"end":{"line":157,"column":57}},"70":{"start":{"line":159,"column":8},"end":{"line":178,"column":9}},"71":{"start":{"line":160,"column":12},"end":{"line":164,"column":13}},"72":{"start":{"line":161,"column":16},"end":{"line":161,"column":55}},"73":{"start":{"line":162,"column":19},"end":{"line":164,"column":13}},"74":{"start":{"line":163,"column":16},"end":{"line":163,"column":51}},"75":{"start":{"line":165,"column":24},"end":{"line":168,"column":13}},"76":{"start":{"line":169,"column":12},"end":{"line":169,"column":57}},"77":{"start":{"line":171,"column":12},"end":{"line":175,"column":14}},"78":{"start":{"line":172,"column":16},"end":{"line":172,"column":49}},"79":{"start":{"line":174,"column":16},"end":{"line":174,"column":48}},"80":{"start":{"line":177,"column":12},"end":{"line":177,"column":44}},"81":{"start":{"line":183,"column":0},"end":{"line":183,"column":41}}},"fnMap":{"0":{"name":"(anonymous_0)","decl":{"start":{"line":8,"column":4},"end":{"line":8,"column":5}},"loc":{"start":{"line":8,"column":23},"end":{"line":53,"column":5}},"line":8},"1":{"name":"(anonymous_1)","decl":{"start":{"line":41,"column":63},"end":{"line":41,"column":64}},"loc":{"start":{"line":41,"column":71},"end":{"line":46,"column":17}},"line":41},"2":{"name":"(anonymous_2)","decl":{"start":{"line":46,"column":25},"end":{"line":46,"column":26}},"loc":{"start":{"line":46,"column":32},"end":{"line":48,"column":17}},"line":46},"3":{"name":"(anonymous_3)","decl":{"start":{"line":55,"column":4},"end":{"line":55,"column":5}},"loc":{"start":{"line":55,"column":26},"end":{"line":87,"column":5}},"line":55},"4":{"name":"(anonymous_4)","decl":{"start":{"line":89,"column":4},"end":{"line":89,"column":5}},"loc":{"start":{"line":89,"column":21},"end":{"line":98,"column":5}},"line":89},"5":{"name":"(anonymous_5)","decl":{"start":{"line":93,"column":53},"end":{"line":93,"column":54}},"loc":{"start":{"line":93,"column":61},"end":{"line":95,"column":9}},"line":93},"6":{"name":"(anonymous_6)","decl":{"start":{"line":95,"column":17},"end":{"line":95,"column":18}},"loc":{"start":{"line":95,"column":24},"end":{"line":97,"column":9}},"line":95},"7":{"name":"(anonymous_7)","decl":{"start":{"line":100,"column":4},"end":{"line":100,"column":5}},"loc":{"start":{"line":100,"column":20},"end":{"line":138,"column":5}},"line":100},"8":{"name":"(anonymous_8)","decl":{"start":{"line":117,"column":59},"end":{"line":117,"column":60}},"loc":{"start":{"line":117,"column":69},"end":{"line":123,"column":17}},"line":117},"9":{"name":"(anonymous_9)","decl":{"start":{"line":123,"column":25},"end":{"line":123,"column":26}},"loc":{"start":{"line":123,"column":34},"end":{"line":129,"column":17}},"line":123},"10":{"name":"(anonymous_10)","decl":{"start":{"line":140,"column":4},"end":{"line":140,"column":5}},"loc":{"start":{"line":140,"column":23},"end":{"line":154,"column":5}},"line":140},"11":{"name":"(anonymous_11)","decl":{"start":{"line":147,"column":38},"end":{"line":147,"column":39}},"loc":{"start":{"line":147,"column":53},"end":{"line":153,"column":9}},"line":147},"12":{"name":"(anonymous_12)","decl":{"start":{"line":156,"column":4},"end":{"line":156,"column":5}},"loc":{"start":{"line":156,"column":24},"end":{"line":179,"column":5}},"line":156},"13":{"name":"(anonymous_13)","decl":{"start":{"line":171,"column":48},"end":{"line":171,"column":49}},"loc":{"start":{"line":171,"column":58},"end":{"line":173,"column":13}},"line":171},"14":{"name":"(anonymous_14)","decl":{"start":{"line":173,"column":21},"end":{"line":173,"column":22}},"loc":{"start":{"line":173,"column":30},"end":{"line":175,"column":13}},"line":173}},"branchMap":{"0":{"loc":{"start":{"line":27,"column":12},"end":{"line":49,"column":13}},"type":"if","locations":[{"start":{"line":27,"column":12},"end":{"line":49,"column":13}},{"start":{"line":27,"column":12},"end":{"line":49,"column":13}}],"line":27},"1":{"loc":{"start":{"line":65,"column":12},"end":{"line":81,"column":13}},"type":"if","locations":[{"start":{"line":65,"column":12},"end":{"line":81,"column":13}},{"start":{"line":65,"column":12},"end":{"line":81,"column":13}}],"line":65},"2":{"loc":{"start":{"line":76,"column":16},"end":{"line":80,"column":17}},"type":"if","locations":[{"start":{"line":76,"column":16},"end":{"line":80,"column":17}},{"start":{"line":76,"column":16},"end":{"line":80,"column":17}}],"line":76},"3":{"loc":{"start":{"line":107,"column":12},"end":{"line":130,"column":13}},"type":"if","locations":[{"start":{"line":107,"column":12},"end":{"line":130,"column":13}},{"start":{"line":107,"column":12},"end":{"line":130,"column":13}}],"line":107},"4":{"loc":{"start":{"line":148,"column":12},"end":{"line":152,"column":13}},"type":"if","locations":[{"start":{"line":148,"column":12},"end":{"line":152,"column":13}},{"start":{"line":148,"column":12},"end":{"line":152,"column":13}}],"line":148},"5":{"loc":{"start":{"line":160,"column":12},"end":{"line":164,"column":13}},"type":"if","locations":[{"start":{"line":160,"column":12},"end":{"line":164,"column":13}},{"start":{"line":160,"column":12},"end":{"line":164,"column":13}}],"line":160},"6":{"loc":{"start":{"line":162,"column":19},"end":{"line":164,"column":13}},"type":"if","locations":[{"start":{"line":162,"column":19},"end":{"line":164,"column":13}},{"start":{"line":162,"column":19},"end":{"line":164,"column":13}}],"line":162}},"s":{"0":1,"1":1,"2":10,"3":10,"4":10,"5":10,"6":10,"7":10,"8":10,"9":10,"10":10,"11":8,"12":8,"13":8,"14":2,"15":2,"16":0,"17":0,"18":0,"19":0,"20":2,"21":0,"22":8,"23":8,"24":8,"25":8,"26":8,"27":7,"28":7,"29":7,"30":1,"31":1,"32":0,"33":0,"34":0,"35":1,"36":5,"37":5,"38":2,"39":3,"40":0,"41":0,"42":0,"43":0,"44":0,"45":0,"46":0,"47":0,"48":0,"49":0,"50":0,"51":0,"52":0,"53":0,"54":0,"55":0,"56":0,"57":0,"58":0,"59":0,"60":0,"61":0,"62":0,"63":0,"64":0,"65":0,"66":0,"67":0,"68":0,"69":1,"70":1,"71":1,"72":0,"73":1,"74":0,"75":0,"76":0,"77":0,"78":0,"79":0,"80":1,"81":1},"f":{"0":10,"1":0,"2":2,"3":8,"4":5,"5":2,"6":3,"7":0,"8":0,"9":0,"10":0,"11":0,"12":1,"13":0,"14":0},"b":{"0":[8,2],"1":[7,1],"2":[0,0],"3":[0,0],"4":[0,0],"5":[0,1],"6":[0,0]},"_coverageSchema":"43e27e138ebf9cfc5966b082cf9a028302ed4184","hash":"915e9cfabb89295a712e4044875cee7921eece3f","contentHash":"9651b88cd3b6219622cdbf888e549fcb51a1793207045a2566cb42212e77bc61"},"/home/admin1/Documents/BLabz_Work-master/fundooApp/backend/service/userService.js":{"path":"/home/admin1/Documents/BLabz_Work-master/fundooApp/backend/service/userService.js","statementMap":{"0":{"start":{"line":1,"column":18},"end":{"line":1,"column":47}},"1":{"start":{"line":2,"column":15},"end":{"line":2,"column":32}},"2":{"start":{"line":3,"column":23},"end":{"line":3,"column":53}},"3":{"start":{"line":4,"column":15},"end":{"line":4,"column":46}},"4":{"start":{"line":6,"column":12},"end":{"line":6,"column":28}},"5":{"start":{"line":7,"column":13},"end":{"line":7,"column":33}},"6":{"start":{"line":9,"column":0},"end":{"line":11,"column":3}},"7":{"start":{"line":10,"column":4},"end":{"line":10,"column":45}},"8":{"start":{"line":16,"column":8},"end":{"line":34,"column":10}},"9":{"start":{"line":17,"column":12},"end":{"line":33,"column":14}},"10":{"start":{"line":18,"column":16},"end":{"line":30,"column":17}},"11":{"start":{"line":19,"column":34},"end":{"line":23,"column":21}},"12":{"start":{"line":24,"column":32},"end":{"line":24,"column":61}},"13":{"start":{"line":25,"column":30},"end":{"line":25,"column":57}},"14":{"start":{"line":26,"column":20},"end":{"line":26,"column":58}},"15":{"start":{"line":27,"column":20},"end":{"line":27,"column":49}},"16":{"start":{"line":29,"column":20},"end":{"line":29,"column":42}},"17":{"start":{"line":32,"column":16},"end":{"line":32,"column":27}},"18":{"start":{"line":37,"column":19},"end":{"line":66,"column":5}},"19":{"start":{"line":38,"column":8},"end":{"line":65,"column":9}},"20":{"start":{"line":39,"column":25},"end":{"line":39,"column":61}},"21":{"start":{"line":41,"column":12},"end":{"line":62,"column":14}},"22":{"start":{"line":42,"column":16},"end":{"line":60,"column":17}},"23":{"start":{"line":43,"column":20},"end":{"line":43,"column":185}},"24":{"start":{"line":45,"column":20},"end":{"line":59,"column":22}},"25":{"start":{"line":46,"column":24},"end":{"line":58,"column":25}},"26":{"start":{"line":47,"column":42},"end":{"line":50,"column":29}},"27":{"start":{"line":51,"column":40},"end":{"line":51,"column":75}},"28":{"start":{"line":53,"column":28},"end":{"line":53,"column":94}},"29":{"start":{"line":55,"column":28},"end":{"line":55,"column":110}},"30":{"start":{"line":57,"column":28},"end":{"line":57,"column":76}},"31":{"start":{"line":64,"column":12},"end":{"line":64,"column":22}},"32":{"start":{"line":69,"column":8},"end":{"line":83,"column":10}},"33":{"start":{"line":70,"column":12},"end":{"line":81,"column":14}},"34":{"start":{"line":71,"column":30},"end":{"line":74,"column":17}},"35":{"start":{"line":75,"column":28},"end":{"line":75,"column":57}},"36":{"start":{"line":76,"column":26},"end":{"line":76,"column":55}},"37":{"start":{"line":77,"column":16},"end":{"line":77,"column":54}},"38":{"start":{"line":78,"column":16},"end":{"line":78,"column":59}},"39":{"start":{"line":80,"column":16},"end":{"line":80,"column":24}},"40":{"start":{"line":87,"column":8},"end":{"line":94,"column":10}},"41":{"start":{"line":88,"column":12},"end":{"line":88,"column":57}},"42":{"start":{"line":89,"column":12},"end":{"line":93,"column":14}},"43":{"start":{"line":90,"column":16},"end":{"line":90,"column":25}},"44":{"start":{"line":92,"column":16},"end":{"line":92,"column":24}},"45":{"start":{"line":99,"column":8},"end":{"line":105,"column":10}},"46":{"start":{"line":100,"column":12},"end":{"line":104,"column":13}},"47":{"start":{"line":101,"column":16},"end":{"line":101,"column":29}},"48":{"start":{"line":103,"column":16},"end":{"line":103,"column":36}},"49":{"start":{"line":109,"column":8},"end":{"line":116,"column":10}},"50":{"start":{"line":110,"column":25},"end":{"line":110,"column":55}},"51":{"start":{"line":111,"column":12},"end":{"line":115,"column":14}},"52":{"start":{"line":112,"column":16},"end":{"line":112,"column":37}},"53":{"start":{"line":114,"column":16},"end":{"line":114,"column":73}},"54":{"start":{"line":122,"column":0},"end":{"line":122,"column":41}}},"fnMap":{"0":{"name":"(anonymous_0)","decl":{"start":{"line":9,"column":19},"end":{"line":9,"column":20}},"loc":{"start":{"line":9,"column":34},"end":{"line":11,"column":1}},"line":9},"1":{"name":"(anonymous_1)","decl":{"start":{"line":15,"column":4},"end":{"line":15,"column":5}},"loc":{"start":{"line":15,"column":34},"end":{"line":35,"column":5}},"line":15},"2":{"name":"(anonymous_2)","decl":{"start":{"line":16,"column":27},"end":{"line":16,"column":28}},"loc":{"start":{"line":16,"column":48},"end":{"line":34,"column":9}},"line":16},"3":{"name":"(anonymous_3)","decl":{"start":{"line":17,"column":55},"end":{"line":17,"column":56}},"loc":{"start":{"line":17,"column":65},"end":{"line":31,"column":13}},"line":17},"4":{"name":"(anonymous_4)","decl":{"start":{"line":31,"column":21},"end":{"line":31,"column":22}},"loc":{"start":{"line":31,"column":28},"end":{"line":33,"column":13}},"line":31},"5":{"name":"(anonymous_5)","decl":{"start":{"line":37,"column":19},"end":{"line":37,"column":20}},"loc":{"start":{"line":37,"column":39},"end":{"line":66,"column":5}},"line":37},"6":{"name":"(anonymous_6)","decl":{"start":{"line":41,"column":31},"end":{"line":41,"column":32}},"loc":{"start":{"line":41,"column":45},"end":{"line":62,"column":13}},"line":41},"7":{"name":"(anonymous_7)","decl":{"start":{"line":45,"column":71},"end":{"line":45,"column":72}},"loc":{"start":{"line":45,"column":92},"end":{"line":59,"column":21}},"line":45},"8":{"name":"(anonymous_8)","decl":{"start":{"line":68,"column":4},"end":{"line":68,"column":5}},"loc":{"start":{"line":68,"column":32},"end":{"line":84,"column":5}},"line":68},"9":{"name":"(anonymous_9)","decl":{"start":{"line":69,"column":27},"end":{"line":69,"column":28}},"loc":{"start":{"line":69,"column":41},"end":{"line":83,"column":9}},"line":69},"10":{"name":"(anonymous_10)","decl":{"start":{"line":70,"column":57},"end":{"line":70,"column":58}},"loc":{"start":{"line":70,"column":65},"end":{"line":79,"column":13}},"line":70},"11":{"name":"(anonymous_11)","decl":{"start":{"line":79,"column":21},"end":{"line":79,"column":22}},"loc":{"start":{"line":79,"column":28},"end":{"line":81,"column":13}},"line":79},"12":{"name":"(anonymous_12)","decl":{"start":{"line":86,"column":4},"end":{"line":86,"column":5}},"loc":{"start":{"line":86,"column":30},"end":{"line":96,"column":5}},"line":86},"13":{"name":"(anonymous_13)","decl":{"start":{"line":87,"column":27},"end":{"line":87,"column":28}},"loc":{"start":{"line":87,"column":41},"end":{"line":94,"column":9}},"line":87},"14":{"name":"(anonymous_14)","decl":{"start":{"line":89,"column":57},"end":{"line":89,"column":58}},"loc":{"start":{"line":89,"column":67},"end":{"line":91,"column":13}},"line":89},"15":{"name":"(anonymous_15)","decl":{"start":{"line":91,"column":21},"end":{"line":91,"column":22}},"loc":{"start":{"line":91,"column":30},"end":{"line":93,"column":13}},"line":91},"16":{"name":"(anonymous_16)","decl":{"start":{"line":98,"column":4},"end":{"line":98,"column":5}},"loc":{"start":{"line":98,"column":32},"end":{"line":106,"column":5}},"line":98},"17":{"name":"(anonymous_17)","decl":{"start":{"line":99,"column":34},"end":{"line":99,"column":35}},"loc":{"start":{"line":99,"column":49},"end":{"line":105,"column":9}},"line":99},"18":{"name":"(anonymous_18)","decl":{"start":{"line":108,"column":4},"end":{"line":108,"column":5}},"loc":{"start":{"line":108,"column":23},"end":{"line":117,"column":5}},"line":108},"19":{"name":"(anonymous_19)","decl":{"start":{"line":109,"column":27},"end":{"line":109,"column":28}},"loc":{"start":{"line":109,"column":41},"end":{"line":116,"column":9}},"line":109},"20":{"name":"(anonymous_20)","decl":{"start":{"line":111,"column":53},"end":{"line":111,"column":54}},"loc":{"start":{"line":111,"column":63},"end":{"line":113,"column":13}},"line":111},"21":{"name":"(anonymous_21)","decl":{"start":{"line":113,"column":21},"end":{"line":113,"column":22}},"loc":{"start":{"line":113,"column":30},"end":{"line":115,"column":13}},"line":113}},"branchMap":{"0":{"loc":{"start":{"line":18,"column":16},"end":{"line":30,"column":17}},"type":"if","locations":[{"start":{"line":18,"column":16},"end":{"line":30,"column":17}},{"start":{"line":18,"column":16},"end":{"line":30,"column":17}}],"line":18},"1":{"loc":{"start":{"line":42,"column":16},"end":{"line":60,"column":17}},"type":"if","locations":[{"start":{"line":42,"column":16},"end":{"line":60,"column":17}},{"start":{"line":42,"column":16},"end":{"line":60,"column":17}}],"line":42},"2":{"loc":{"start":{"line":43,"column":20},"end":{"line":43,"column":184}},"type":"cond-expr","locations":[{"start":{"line":43,"column":85},"end":{"line":43,"column":133}},{"start":{"line":43,"column":136},"end":{"line":43,"column":184}}],"line":43},"3":{"loc":{"start":{"line":43,"column":21},"end":{"line":43,"column":81}},"type":"binary-expr","locations":[{"start":{"line":43,"column":21},"end":{"line":43,"column":48}},{"start":{"line":43,"column":52},"end":{"line":43,"column":81}}],"line":43},"4":{"loc":{"start":{"line":46,"column":24},"end":{"line":58,"column":25}},"type":"if","locations":[{"start":{"line":46,"column":24},"end":{"line":58,"column":25}},{"start":{"line":46,"column":24},"end":{"line":58,"column":25}}],"line":46},"5":{"loc":{"start":{"line":100,"column":12},"end":{"line":104,"column":13}},"type":"if","locations":[{"start":{"line":100,"column":12},"end":{"line":104,"column":13}},{"start":{"line":100,"column":12},"end":{"line":104,"column":13}}],"line":100}},"s":{"0":1,"1":1,"2":1,"3":1,"4":1,"5":1,"6":1,"7":0,"8":2,"9":2,"10":0,"11":0,"12":0,"13":0,"14":0,"15":0,"16":0,"17":2,"18":1,"19":1,"20":1,"21":1,"22":1,"23":0,"24":1,"25":1,"26":0,"27":0,"28":0,"29":0,"30":1,"31":0,"32":5,"33":5,"34":5,"35":2,"36":2,"37":2,"38":2,"39":3,"40":0,"41":0,"42":0,"43":0,"44":0,"45":0,"46":0,"47":0,"48":0,"49":0,"50":0,"51":0,"52":0,"53":0,"54":1},"f":{"0":0,"1":2,"2":2,"3":0,"4":2,"5":1,"6":1,"7":1,"8":5,"9":5,"10":5,"11":3,"12":0,"13":0,"14":0,"15":0,"16":0,"17":0,"18":0,"19":0,"20":0,"21":0},"b":{"0":[0,0],"1":[0,1],"2":[0,0],"3":[0,0],"4":[0,1],"5":[0,0]},"_coverageSchema":"43e27e138ebf9cfc5966b082cf9a028302ed4184","hash":"1a592fc2775165e162fa45c9080db9fa79e4f0b7","contentHash":"ebe99122ec64bc1c607dd80a640ad91b35c50dbde8d5dadebbbaf72eb8872a0b"},"/home/admin1/Documents/BLabz_Work-master/fundooApp/backend/model/userModel.js":{"path":"/home/admin1/Documents/BLabz_Work-master/fundooApp/backend/model/userModel.js","statementMap":{"0":{"start":{"line":1,"column":17},"end":{"line":1,"column":36}},"1":{"start":{"line":2,"column":18},"end":{"line":2,"column":38}},"2":{"start":{"line":6,"column":13},"end":{"line":55,"column":1}},"3":{"start":{"line":57,"column":11},"end":{"line":57,"column":41}},"4":{"start":{"line":61,"column":8},"end":{"line":61,"column":44}},"5":{"start":{"line":63,"column":8},"end":{"line":97,"column":10}},"6":{"start":{"line":64,"column":12},"end":{"line":96,"column":14}},"7":{"start":{"line":65,"column":16},"end":{"line":65,"column":49}},"8":{"start":{"line":67,"column":16},"end":{"line":93,"column":17}},"9":{"start":{"line":68,"column":34},"end":{"line":78,"column":22}},"10":{"start":{"line":79,"column":20},"end":{"line":79,"column":56}},"11":{"start":{"line":80,"column":20},"end":{"line":88,"column":22}},"12":{"start":{"line":81,"column":24},"end":{"line":87,"column":25}},"13":{"start":{"line":82,"column":28},"end":{"line":82,"column":36}},"14":{"start":{"line":84,"column":28},"end":{"line":84,"column":61}},"15":{"start":{"line":86,"column":28},"end":{"line":86,"column":37}},"16":{"start":{"line":89,"column":23},"end":{"line":93,"column":17}},"17":{"start":{"line":90,"column":20},"end":{"line":90,"column":46}},"18":{"start":{"line":92,"column":20},"end":{"line":92,"column":88}},"19":{"start":{"line":95,"column":16},"end":{"line":95,"column":56}},"20":{"start":{"line":100,"column":17},"end":{"line":120,"column":5}},"21":{"start":{"line":101,"column":8},"end":{"line":119,"column":9}},"22":{"start":{"line":104,"column":25},"end":{"line":104,"column":78}},"23":{"start":{"line":105,"column":14},"end":{"line":105,"column":47}},"24":{"start":{"line":107,"column":12},"end":{"line":116,"column":14}},"25":{"start":{"line":108,"column":16},"end":{"line":115,"column":17}},"26":{"start":{"line":109,"column":20},"end":{"line":109,"column":66}},"27":{"start":{"line":110,"column":23},"end":{"line":115,"column":17}},"28":{"start":{"line":112,"column":20},"end":{"line":112,"column":31}},"29":{"start":{"line":114,"column":20},"end":{"line":114,"column":66}},"30":{"start":{"line":118,"column":12},"end":{"line":118,"column":22}},"31":{"start":{"line":123,"column":8},"end":{"line":129,"column":10}},"32":{"start":{"line":124,"column":12},"end":{"line":128,"column":14}},"33":{"start":{"line":125,"column":16},"end":{"line":125,"column":25}},"34":{"start":{"line":127,"column":16},"end":{"line":127,"column":24}},"35":{"start":{"line":135,"column":8},"end":{"line":142,"column":10}},"36":{"start":{"line":136,"column":12},"end":{"line":141,"column":14}},"37":{"start":{"line":137,"column":16},"end":{"line":137,"column":50}},"38":{"start":{"line":138,"column":16},"end":{"line":138,"column":25}},"39":{"start":{"line":140,"column":16},"end":{"line":140,"column":24}},"40":{"start":{"line":156,"column":8},"end":{"line":156,"column":26}},"41":{"start":{"line":158,"column":8},"end":{"line":171,"column":10}},"42":{"start":{"line":159,"column":12},"end":{"line":170,"column":13}},"43":{"start":{"line":160,"column":16},"end":{"line":160,"column":61}},"44":{"start":{"line":163,"column":16},"end":{"line":169,"column":18}},"45":{"start":{"line":164,"column":20},"end":{"line":168,"column":21}},"46":{"start":{"line":165,"column":24},"end":{"line":165,"column":67}},"47":{"start":{"line":167,"column":24},"end":{"line":167,"column":54}},"48":{"start":{"line":177,"column":0},"end":{"line":177,"column":39}}},"fnMap":{"0":{"name":"(anonymous_0)","decl":{"start":{"line":60,"column":4},"end":{"line":60,"column":5}},"loc":{"start":{"line":60,"column":32},"end":{"line":98,"column":5}},"line":60},"1":{"name":"(anonymous_1)","decl":{"start":{"line":63,"column":27},"end":{"line":63,"column":28}},"loc":{"start":{"line":63,"column":41},"end":{"line":97,"column":9}},"line":63},"2":{"name":"(anonymous_2)","decl":{"start":{"line":64,"column":65},"end":{"line":64,"column":66}},"loc":{"start":{"line":64,"column":73},"end":{"line":94,"column":13}},"line":64},"3":{"name":"(anonymous_3)","decl":{"start":{"line":80,"column":33},"end":{"line":80,"column":34}},"loc":{"start":{"line":80,"column":48},"end":{"line":88,"column":21}},"line":80},"4":{"name":"(anonymous_4)","decl":{"start":{"line":94,"column":21},"end":{"line":94,"column":22}},"loc":{"start":{"line":94,"column":28},"end":{"line":96,"column":13}},"line":94},"5":{"name":"(anonymous_5)","decl":{"start":{"line":100,"column":17},"end":{"line":100,"column":18}},"loc":{"start":{"line":100,"column":37},"end":{"line":120,"column":5}},"line":100},"6":{"name":"(anonymous_6)","decl":{"start":{"line":107,"column":31},"end":{"line":107,"column":32}},"loc":{"start":{"line":107,"column":45},"end":{"line":116,"column":13}},"line":107},"7":{"name":"(anonymous_7)","decl":{"start":{"line":122,"column":4},"end":{"line":122,"column":5}},"loc":{"start":{"line":122,"column":29},"end":{"line":131,"column":5}},"line":122},"8":{"name":"(anonymous_8)","decl":{"start":{"line":123,"column":27},"end":{"line":123,"column":28}},"loc":{"start":{"line":123,"column":41},"end":{"line":129,"column":9}},"line":123},"9":{"name":"(anonymous_9)","decl":{"start":{"line":124,"column":63},"end":{"line":124,"column":64}},"loc":{"start":{"line":124,"column":71},"end":{"line":126,"column":13}},"line":124},"10":{"name":"(anonymous_10)","decl":{"start":{"line":126,"column":21},"end":{"line":126,"column":22}},"loc":{"start":{"line":126,"column":28},"end":{"line":128,"column":13}},"line":126},"11":{"name":"(anonymous_11)","decl":{"start":{"line":133,"column":4},"end":{"line":133,"column":5}},"loc":{"start":{"line":133,"column":28},"end":{"line":143,"column":5}},"line":133},"12":{"name":"(anonymous_12)","decl":{"start":{"line":135,"column":27},"end":{"line":135,"column":28}},"loc":{"start":{"line":135,"column":41},"end":{"line":142,"column":9}},"line":135},"13":{"name":"(anonymous_13)","decl":{"start":{"line":136,"column":58},"end":{"line":136,"column":59}},"loc":{"start":{"line":136,"column":68},"end":{"line":139,"column":13}},"line":136},"14":{"name":"(anonymous_14)","decl":{"start":{"line":139,"column":21},"end":{"line":139,"column":22}},"loc":{"start":{"line":139,"column":30},"end":{"line":141,"column":13}},"line":139},"15":{"name":"(anonymous_15)","decl":{"start":{"line":155,"column":4},"end":{"line":155,"column":5}},"loc":{"start":{"line":155,"column":30},"end":{"line":172,"column":5}},"line":155},"16":{"name":"(anonymous_16)","decl":{"start":{"line":158,"column":68},"end":{"line":158,"column":69}},"loc":{"start":{"line":158,"column":83},"end":{"line":171,"column":9}},"line":158},"17":{"name":"(anonymous_17)","decl":{"start":{"line":163,"column":30},"end":{"line":163,"column":31}},"loc":{"start":{"line":163,"column":45},"end":{"line":169,"column":17}},"line":163}},"branchMap":{"0":{"loc":{"start":{"line":67,"column":16},"end":{"line":93,"column":17}},"type":"if","locations":[{"start":{"line":67,"column":16},"end":{"line":93,"column":17}},{"start":{"line":67,"column":16},"end":{"line":93,"column":17}}],"line":67},"1":{"loc":{"start":{"line":81,"column":24},"end":{"line":87,"column":25}},"type":"if","locations":[{"start":{"line":81,"column":24},"end":{"line":87,"column":25}},{"start":{"line":81,"column":24},"end":{"line":87,"column":25}}],"line":81},"2":{"loc":{"start":{"line":89,"column":23},"end":{"line":93,"column":17}},"type":"if","locations":[{"start":{"line":89,"column":23},"end":{"line":93,"column":17}},{"start":{"line":89,"column":23},"end":{"line":93,"column":17}}],"line":89},"3":{"loc":{"start":{"line":108,"column":16},"end":{"line":115,"column":17}},"type":"if","locations":[{"start":{"line":108,"column":16},"end":{"line":115,"column":17}},{"start":{"line":108,"column":16},"end":{"line":115,"column":17}}],"line":108},"4":{"loc":{"start":{"line":110,"column":23},"end":{"line":115,"column":17}},"type":"if","locations":[{"start":{"line":110,"column":23},"end":{"line":115,"column":17}},{"start":{"line":110,"column":23},"end":{"line":115,"column":17}}],"line":110},"5":{"loc":{"start":{"line":110,"column":27},"end":{"line":110,"column":113}},"type":"binary-expr","locations":[{"start":{"line":110,"column":27},"end":{"line":110,"column":49}},{"start":{"line":110,"column":53},"end":{"line":110,"column":80}},{"start":{"line":110,"column":84},"end":{"line":110,"column":113}}],"line":110},"6":{"loc":{"start":{"line":159,"column":12},"end":{"line":170,"column":13}},"type":"if","locations":[{"start":{"line":159,"column":12},"end":{"line":170,"column":13}},{"start":{"line":159,"column":12},"end":{"line":170,"column":13}}],"line":159},"7":{"loc":{"start":{"line":164,"column":20},"end":{"line":168,"column":21}},"type":"if","locations":[{"start":{"line":164,"column":20},"end":{"line":168,"column":21}},{"start":{"line":164,"column":20},"end":{"line":168,"column":21}}],"line":164}},"s":{"0":1,"1":1,"2":1,"3":1,"4":2,"5":2,"6":2,"7":2,"8":2,"9":0,"10":0,"11":0,"12":0,"13":0,"14":0,"15":0,"16":2,"17":2,"18":0,"19":0,"20":1,"21":1,"22":1,"23":1,"24":1,"25":1,"26":0,"27":1,"28":1,"29":0,"30":0,"31":5,"32":5,"33":5,"34":0,"35":0,"36":0,"37":0,"38":0,"39":0,"40":0,"41":0,"42":0,"43":0,"44":0,"45":0,"46":0,"47":0,"48":1},"f":{"0":2,"1":2,"2":2,"3":0,"4":0,"5":1,"6":1,"7":5,"8":5,"9":5,"10":0,"11":0,"12":0,"13":0,"14":0,"15":0,"16":0,"17":0},"b":{"0":[0,2],"1":[0,0],"2":[2,0],"3":[0,1],"4":[1,0],"5":[1,0,0],"6":[0,0],"7":[0,0]},"_coverageSchema":"43e27e138ebf9cfc5966b082cf9a028302ed4184","hash":"59dc12f7243f72204801823af16a7b4572190bfd","contentHash":"807f7f31c5afbf59750adbe22a503a4bde33787da90501f30947ca1ed2fe092e"},"/home/admin1/Documents/BLabz_Work-master/fundooApp/backend/middleware/token.js":{"path":"/home/admin1/Documents/BLabz_Work-master/fundooApp/backend/middleware/token.js","statementMap":{"0":{"start":{"line":1,"column":12},"end":{"line":1,"column":35}},"1":{"start":{"line":2,"column":0},"end":{"line":2,"column":58}},"2":{"start":{"line":4,"column":0},"end":{"line":9,"column":1}},"3":{"start":{"line":6,"column":8},"end":{"line":6,"column":89}}},"fnMap":{"0":{"name":"(anonymous_0)","decl":{"start":{"line":5,"column":4},"end":{"line":5,"column":5}},"loc":{"start":{"line":5,"column":19},"end":{"line":7,"column":5}},"line":5}},"branchMap":{},"s":{"0":1,"1":1,"2":1,"3":2},"f":{"0":2},"b":{},"_coverageSchema":"43e27e138ebf9cfc5966b082cf9a028302ed4184","hash":"9cfb9aafcd6e1332f40231a54befbeb27b573aba","contentHash":"7fb88e05d2e24de8d6abff4211d949b8e0d47ae2e6658dee4305cb6fc2119c66"},"/home/admin1/Documents/BLabz_Work-master/fundooApp/backend/middleware/mailer.js":{"path":"/home/admin1/Documents/BLabz_Work-master/fundooApp/backend/middleware/mailer.js","statementMap":{"0":{"start":{"line":1,"column":21},"end":{"line":1,"column":38}},"1":{"start":{"line":2,"column":13},"end":{"line":2,"column":28}},"2":{"start":{"line":3,"column":19},"end":{"line":3,"column":40}},"3":{"start":{"line":4,"column":0},"end":{"line":4,"column":58}},"4":{"start":{"line":7,"column":0},"end":{"line":33,"column":1}},"5":{"start":{"line":9,"column":26},"end":{"line":15,"column":10}},"6":{"start":{"line":16,"column":26},"end":{"line":21,"column":9}},"7":{"start":{"line":23,"column":19},"end":{"line":23,"column":58}},"8":{"start":{"line":25,"column":8},"end":{"line":29,"column":10}},"9":{"start":{"line":26,"column":12},"end":{"line":26,"column":56}},"10":{"start":{"line":28,"column":12},"end":{"line":28,"column":50}},"11":{"start":{"line":30,"column":8},"end":{"line":30,"column":56}}},"fnMap":{"0":{"name":"(anonymous_0)","decl":{"start":{"line":8,"column":4},"end":{"line":8,"column":5}},"loc":{"start":{"line":8,"column":35},"end":{"line":32,"column":5}},"line":8},"1":{"name":"(anonymous_1)","decl":{"start":{"line":25,"column":18},"end":{"line":25,"column":19}},"loc":{"start":{"line":25,"column":27},"end":{"line":27,"column":9}},"line":25},"2":{"name":"(anonymous_2)","decl":{"start":{"line":27,"column":17},"end":{"line":27,"column":18}},"loc":{"start":{"line":27,"column":23},"end":{"line":29,"column":9}},"line":27}},"branchMap":{},"s":{"0":1,"1":1,"2":1,"3":1,"4":1,"5":2,"6":2,"7":2,"8":1,"9":0,"10":0,"11":0},"f":{"0":2,"1":0,"2":0},"b":{},"_coverageSchema":"43e27e138ebf9cfc5966b082cf9a028302ed4184","hash":"f6d19b56394710014a3bdb12159b9464f129f7e0","contentHash":"5d8eab344af5053bb483b9d2a0d7d03224de25e914bfcf83fd3712c07bc43cbd"},"/home/admin1/Documents/BLabz_Work-master/fundooApp/backend/middleware/bcrypt.js":{"path":"/home/admin1/Documents/BLabz_Work-master/fundooApp/backend/middleware/bcrypt.js","statementMap":{"0":{"start":{"line":1,"column":15},"end":{"line":1,"column":33}},"1":{"start":{"line":3,"column":13},"end":{"line":6,"column":1}},"2":{"start":{"line":4,"column":23},"end":{"line":4,"column":24}},"3":{"start":{"line":5,"column":4},"end":{"line":5,"column":53}},"4":{"start":{"line":8,"column":0},"end":{"line":8,"column":24}}},"fnMap":{"0":{"name":"(anonymous_0)","decl":{"start":{"line":3,"column":13},"end":{"line":3,"column":14}},"loc":{"start":{"line":3,"column":31},"end":{"line":6,"column":1}},"line":3}},"branchMap":{},"s":{"0":1,"1":1,"2":2,"3":2,"4":1},"f":{"0":2},"b":{},"_coverageSchema":"43e27e138ebf9cfc5966b082cf9a028302ed4184","hash":"4743f3c1b742af49bed08cef39e475d80087b77d","contentHash":"b2591e14225c79a28eb194fc1b63dfa52692bf185bf0e6f928f0d281bf1b1092"},"/home/admin1/Documents/BLabz_Work-master/fundooApp/backend/controller/noteController.js":{"path":"/home/admin1/Documents/BLabz_Work-master/fundooApp/backend/controller/noteController.js","statementMap":{"0":{"start":{"line":1,"column":20},"end":{"line":1,"column":53}},"1":{"start":{"line":5,"column":23},"end":{"line":5,"column":25}},"2":{"start":{"line":6,"column":8},"end":{"line":30,"column":9}},"3":{"start":{"line":8,"column":27},"end":{"line":13,"column":13}},"4":{"start":{"line":14,"column":12},"end":{"line":24,"column":14}},"5":{"start":{"line":15,"column":16},"end":{"line":15,"column":39}},"6":{"start":{"line":16,"column":16},"end":{"line":16,"column":66}},"7":{"start":{"line":17,"column":16},"end":{"line":17,"column":37}},"8":{"start":{"line":18,"column":16},"end":{"line":18,"column":46}},"9":{"start":{"line":20,"column":16},"end":{"line":20,"column":40}},"10":{"start":{"line":21,"column":16},"end":{"line":21,"column":62}},"11":{"start":{"line":22,"column":16},"end":{"line":22,"column":37}},"12":{"start":{"line":23,"column":16},"end":{"line":23,"column":46}},"13":{"start":{"line":26,"column":12},"end":{"line":26,"column":36}},"14":{"start":{"line":27,"column":12},"end":{"line":27,"column":54}},"15":{"start":{"line":28,"column":12},"end":{"line":28,"column":33}},"16":{"start":{"line":29,"column":12},"end":{"line":29,"column":42}},"17":{"start":{"line":34,"column":23},"end":{"line":34,"column":25}},"18":{"start":{"line":35,"column":8},"end":{"line":55,"column":9}},"19":{"start":{"line":36,"column":23},"end":{"line":38,"column":13}},"20":{"start":{"line":39,"column":12},"end":{"line":49,"column":14}},"21":{"start":{"line":40,"column":16},"end":{"line":40,"column":39}},"22":{"start":{"line":41,"column":16},"end":{"line":41,"column":67}},"23":{"start":{"line":42,"column":16},"end":{"line":42,"column":37}},"24":{"start":{"line":43,"column":16},"end":{"line":43,"column":46}},"25":{"start":{"line":45,"column":16},"end":{"line":45,"column":40}},"26":{"start":{"line":46,"column":16},"end":{"line":46,"column":50}},"27":{"start":{"line":47,"column":16},"end":{"line":47,"column":37}},"28":{"start":{"line":48,"column":16},"end":{"line":48,"column":46}},"29":{"start":{"line":51,"column":12},"end":{"line":51,"column":36}},"30":{"start":{"line":52,"column":12},"end":{"line":52,"column":57}},"31":{"start":{"line":53,"column":12},"end":{"line":53,"column":27}},"32":{"start":{"line":54,"column":12},"end":{"line":54,"column":42}},"33":{"start":{"line":59,"column":23},"end":{"line":59,"column":25}},"34":{"start":{"line":60,"column":8},"end":{"line":83,"column":9}},"35":{"start":{"line":61,"column":12},"end":{"line":61,"column":80}},"36":{"start":{"line":62,"column":25},"end":{"line":66,"column":13}},"37":{"start":{"line":67,"column":12},"end":{"line":77,"column":14}},"38":{"start":{"line":68,"column":16},"end":{"line":68,"column":39}},"39":{"start":{"line":69,"column":16},"end":{"line":69,"column":73}},"40":{"start":{"line":70,"column":16},"end":{"line":70,"column":37}},"41":{"start":{"line":71,"column":16},"end":{"line":71,"column":46}},"42":{"start":{"line":73,"column":16},"end":{"line":73,"column":40}},"43":{"start":{"line":74,"column":16},"end":{"line":74,"column":63}},"44":{"start":{"line":75,"column":16},"end":{"line":75,"column":37}},"45":{"start":{"line":76,"column":16},"end":{"line":76,"column":46}},"46":{"start":{"line":79,"column":12},"end":{"line":79,"column":36}},"47":{"start":{"line":80,"column":12},"end":{"line":80,"column":57}},"48":{"start":{"line":81,"column":12},"end":{"line":81,"column":33}},"49":{"start":{"line":82,"column":12},"end":{"line":82,"column":42}},"50":{"start":{"line":87,"column":23},"end":{"line":87,"column":25}},"51":{"start":{"line":88,"column":8},"end":{"line":105,"column":9}},"52":{"start":{"line":89,"column":12},"end":{"line":99,"column":14}},"53":{"start":{"line":90,"column":16},"end":{"line":90,"column":39}},"54":{"start":{"line":91,"column":16},"end":{"line":91,"column":63}},"55":{"start":{"line":92,"column":16},"end":{"line":92,"column":37}},"56":{"start":{"line":93,"column":16},"end":{"line":93,"column":46}},"57":{"start":{"line":95,"column":16},"end":{"line":95,"column":40}},"58":{"start":{"line":96,"column":16},"end":{"line":96,"column":54}},"59":{"start":{"line":97,"column":16},"end":{"line":97,"column":37}},"60":{"start":{"line":98,"column":16},"end":{"line":98,"column":46}},"61":{"start":{"line":101,"column":12},"end":{"line":101,"column":36}},"62":{"start":{"line":102,"column":12},"end":{"line":102,"column":57}},"63":{"start":{"line":103,"column":12},"end":{"line":103,"column":33}},"64":{"start":{"line":104,"column":12},"end":{"line":104,"column":42}},"65":{"start":{"line":109,"column":23},"end":{"line":109,"column":25}},"66":{"start":{"line":110,"column":8},"end":{"line":130,"column":9}},"67":{"start":{"line":111,"column":25},"end":{"line":113,"column":13}},"68":{"start":{"line":114,"column":12},"end":{"line":124,"column":14}},"69":{"start":{"line":115,"column":16},"end":{"line":115,"column":39}},"70":{"start":{"line":116,"column":16},"end":{"line":116,"column":66}},"71":{"start":{"line":117,"column":16},"end":{"line":117,"column":37}},"72":{"start":{"line":118,"column":16},"end":{"line":118,"column":46}},"73":{"start":{"line":120,"column":16},"end":{"line":120,"column":40}},"74":{"start":{"line":121,"column":16},"end":{"line":121,"column":54}},"75":{"start":{"line":122,"column":16},"end":{"line":122,"column":37}},"76":{"start":{"line":123,"column":16},"end":{"line":123,"column":46}},"77":{"start":{"line":126,"column":12},"end":{"line":126,"column":36}},"78":{"start":{"line":127,"column":12},"end":{"line":127,"column":57}},"79":{"start":{"line":128,"column":12},"end":{"line":128,"column":33}},"80":{"start":{"line":129,"column":12},"end":{"line":129,"column":42}},"81":{"start":{"line":134,"column":23},"end":{"line":134,"column":25}},"82":{"start":{"line":135,"column":8},"end":{"line":152,"column":9}},"83":{"start":{"line":136,"column":12},"end":{"line":146,"column":14}},"84":{"start":{"line":137,"column":16},"end":{"line":137,"column":39}},"85":{"start":{"line":138,"column":16},"end":{"line":138,"column":74}},"86":{"start":{"line":139,"column":16},"end":{"line":139,"column":37}},"87":{"start":{"line":140,"column":16},"end":{"line":140,"column":46}},"88":{"start":{"line":142,"column":16},"end":{"line":142,"column":40}},"89":{"start":{"line":143,"column":16},"end":{"line":143,"column":54}},"90":{"start":{"line":144,"column":16},"end":{"line":144,"column":37}},"91":{"start":{"line":145,"column":16},"end":{"line":145,"column":46}},"92":{"start":{"line":148,"column":12},"end":{"line":148,"column":36}},"93":{"start":{"line":149,"column":12},"end":{"line":149,"column":57}},"94":{"start":{"line":150,"column":12},"end":{"line":150,"column":33}},"95":{"start":{"line":151,"column":12},"end":{"line":151,"column":42}},"96":{"start":{"line":156,"column":23},"end":{"line":156,"column":25}},"97":{"start":{"line":157,"column":8},"end":{"line":174,"column":9}},"98":{"start":{"line":158,"column":12},"end":{"line":168,"column":14}},"99":{"start":{"line":159,"column":16},"end":{"line":159,"column":39}},"100":{"start":{"line":160,"column":16},"end":{"line":160,"column":65}},"101":{"start":{"line":161,"column":16},"end":{"line":161,"column":37}},"102":{"start":{"line":162,"column":16},"end":{"line":162,"column":46}},"103":{"start":{"line":164,"column":16},"end":{"line":164,"column":40}},"104":{"start":{"line":165,"column":16},"end":{"line":165,"column":54}},"105":{"start":{"line":166,"column":16},"end":{"line":166,"column":37}},"106":{"start":{"line":167,"column":16},"end":{"line":167,"column":46}},"107":{"start":{"line":170,"column":12},"end":{"line":170,"column":36}},"108":{"start":{"line":171,"column":12},"end":{"line":171,"column":57}},"109":{"start":{"line":172,"column":12},"end":{"line":172,"column":33}},"110":{"start":{"line":173,"column":12},"end":{"line":173,"column":42}},"111":{"start":{"line":178,"column":23},"end":{"line":178,"column":25}},"112":{"start":{"line":179,"column":8},"end":{"line":208,"column":9}},"113":{"start":{"line":180,"column":30},"end":{"line":185,"column":13}},"114":{"start":{"line":186,"column":12},"end":{"line":200,"column":14}},"115":{"start":{"line":189,"column":16},"end":{"line":189,"column":39}},"116":{"start":{"line":190,"column":16},"end":{"line":190,"column":57}},"117":{"start":{"line":191,"column":16},"end":{"line":191,"column":36}},"118":{"start":{"line":192,"column":16},"end":{"line":192,"column":46}},"119":{"start":{"line":196,"column":16},"end":{"line":196,"column":40}},"120":{"start":{"line":197,"column":16},"end":{"line":197,"column":53}},"121":{"start":{"line":198,"column":16},"end":{"line":198,"column":37}},"122":{"start":{"line":199,"column":16},"end":{"line":199,"column":46}},"123":{"start":{"line":204,"column":12},"end":{"line":204,"column":36}},"124":{"start":{"line":205,"column":12},"end":{"line":205,"column":57}},"125":{"start":{"line":206,"column":12},"end":{"line":206,"column":33}},"126":{"start":{"line":207,"column":12},"end":{"line":207,"column":42}},"127":{"start":{"line":212,"column":23},"end":{"line":212,"column":25}},"128":{"start":{"line":213,"column":8},"end":{"line":234,"column":9}},"129":{"start":{"line":214,"column":30},"end":{"line":217,"column":13}},"130":{"start":{"line":218,"column":12},"end":{"line":228,"column":14}},"131":{"start":{"line":219,"column":16},"end":{"line":219,"column":39}},"132":{"start":{"line":220,"column":16},"end":{"line":220,"column":61}},"133":{"start":{"line":221,"column":16},"end":{"line":221,"column":36}},"134":{"start":{"line":222,"column":16},"end":{"line":222,"column":46}},"135":{"start":{"line":224,"column":16},"end":{"line":224,"column":40}},"136":{"start":{"line":225,"column":16},"end":{"line":225,"column":53}},"137":{"start":{"line":226,"column":16},"end":{"line":226,"column":37}},"138":{"start":{"line":227,"column":16},"end":{"line":227,"column":46}},"139":{"start":{"line":230,"column":12},"end":{"line":230,"column":36}},"140":{"start":{"line":231,"column":12},"end":{"line":231,"column":57}},"141":{"start":{"line":232,"column":12},"end":{"line":232,"column":33}},"142":{"start":{"line":233,"column":12},"end":{"line":233,"column":42}},"143":{"start":{"line":238,"column":23},"end":{"line":238,"column":25}},"144":{"start":{"line":239,"column":8},"end":{"line":267,"column":9}},"145":{"start":{"line":240,"column":24},"end":{"line":240,"column":49}},"146":{"start":{"line":242,"column":12},"end":{"line":245,"column":56}},"147":{"start":{"line":246,"column":12},"end":{"line":260,"column":13}},"148":{"start":{"line":247,"column":16},"end":{"line":257,"column":18}},"149":{"start":{"line":248,"column":20},"end":{"line":248,"column":43}},"150":{"start":{"line":249,"column":20},"end":{"line":249,"column":56}},"151":{"start":{"line":250,"column":20},"end":{"line":250,"column":40}},"152":{"start":{"line":251,"column":20},"end":{"line":251,"column":50}},"153":{"start":{"line":253,"column":20},"end":{"line":253,"column":44}},"154":{"start":{"line":254,"column":20},"end":{"line":254,"column":70}},"155":{"start":{"line":255,"column":20},"end":{"line":255,"column":40}},"156":{"start":{"line":256,"column":20},"end":{"line":256,"column":50}},"157":{"start":{"line":259,"column":16},"end":{"line":259,"column":61}},"158":{"start":{"line":263,"column":12},"end":{"line":263,"column":36}},"159":{"start":{"line":264,"column":12},"end":{"line":264,"column":57}},"160":{"start":{"line":265,"column":12},"end":{"line":265,"column":33}},"161":{"start":{"line":266,"column":12},"end":{"line":266,"column":42}},"162":{"start":{"line":271,"column":23},"end":{"line":271,"column":25}},"163":{"start":{"line":272,"column":8},"end":{"line":293,"column":9}},"164":{"start":{"line":273,"column":27},"end":{"line":276,"column":13}},"165":{"start":{"line":277,"column":12},"end":{"line":287,"column":14}},"166":{"start":{"line":278,"column":16},"end":{"line":278,"column":39}},"167":{"start":{"line":279,"column":16},"end":{"line":279,"column":58}},"168":{"start":{"line":280,"column":16},"end":{"line":280,"column":36}},"169":{"start":{"line":281,"column":16},"end":{"line":281,"column":46}},"170":{"start":{"line":283,"column":16},"end":{"line":283,"column":40}},"171":{"start":{"line":284,"column":16},"end":{"line":284,"column":53}},"172":{"start":{"line":285,"column":16},"end":{"line":285,"column":36}},"173":{"start":{"line":286,"column":16},"end":{"line":286,"column":46}},"174":{"start":{"line":289,"column":12},"end":{"line":289,"column":36}},"175":{"start":{"line":290,"column":12},"end":{"line":290,"column":49}},"176":{"start":{"line":291,"column":12},"end":{"line":291,"column":32}},"177":{"start":{"line":292,"column":12},"end":{"line":292,"column":42}},"178":{"start":{"line":297,"column":23},"end":{"line":297,"column":25}},"179":{"start":{"line":298,"column":8},"end":{"line":315,"column":9}},"180":{"start":{"line":299,"column":12},"end":{"line":308,"column":14}},"181":{"start":{"line":300,"column":16},"end":{"line":300,"column":39}},"182":{"start":{"line":301,"column":16},"end":{"line":301,"column":54}},"183":{"start":{"line":302,"column":16},"end":{"line":302,"column":36}},"184":{"start":{"line":303,"column":16},"end":{"line":303,"column":46}},"185":{"start":{"line":305,"column":16},"end":{"line":305,"column":40}},"186":{"start":{"line":306,"column":16},"end":{"line":306,"column":53}},"187":{"start":{"line":307,"column":16},"end":{"line":307,"column":38}},"188":{"start":{"line":310,"column":12},"end":{"line":310,"column":36}},"189":{"start":{"line":311,"column":12},"end":{"line":311,"column":49}},"190":{"start":{"line":312,"column":12},"end":{"line":312,"column":33}},"191":{"start":{"line":313,"column":12},"end":{"line":313,"column":42}},"192":{"start":{"line":319,"column":0},"end":{"line":319,"column":38}}},"fnMap":{"0":{"name":"(anonymous_0)","decl":{"start":{"line":4,"column":4},"end":{"line":4,"column":5}},"loc":{"start":{"line":4,"column":25},"end":{"line":31,"column":5}},"line":4},"1":{"name":"(anonymous_1)","decl":{"start":{"line":14,"column":47},"end":{"line":14,"column":48}},"loc":{"start":{"line":14,"column":57},"end":{"line":19,"column":13}},"line":14},"2":{"name":"(anonymous_2)","decl":{"start":{"line":19,"column":21},"end":{"line":19,"column":22}},"loc":{"start":{"line":19,"column":30},"end":{"line":24,"column":13}},"line":19},"3":{"name":"(anonymous_3)","decl":{"start":{"line":33,"column":4},"end":{"line":33,"column":5}},"loc":{"start":{"line":33,"column":23},"end":{"line":56,"column":5}},"line":33},"4":{"name":"(anonymous_4)","decl":{"start":{"line":39,"column":45},"end":{"line":39,"column":46}},"loc":{"start":{"line":39,"column":55},"end":{"line":44,"column":13}},"line":39},"5":{"name":"(anonymous_5)","decl":{"start":{"line":44,"column":21},"end":{"line":44,"column":22}},"loc":{"start":{"line":44,"column":30},"end":{"line":49,"column":13}},"line":44},"6":{"name":"(anonymous_6)","decl":{"start":{"line":58,"column":4},"end":{"line":58,"column":5}},"loc":{"start":{"line":58,"column":25},"end":{"line":84,"column":5}},"line":58},"7":{"name":"(anonymous_7)","decl":{"start":{"line":67,"column":48},"end":{"line":67,"column":49}},"loc":{"start":{"line":67,"column":58},"end":{"line":72,"column":13}},"line":67},"8":{"name":"(anonymous_8)","decl":{"start":{"line":72,"column":21},"end":{"line":72,"column":22}},"loc":{"start":{"line":72,"column":30},"end":{"line":77,"column":13}},"line":72},"9":{"name":"(anonymous_9)","decl":{"start":{"line":86,"column":4},"end":{"line":86,"column":5}},"loc":{"start":{"line":86,"column":25},"end":{"line":106,"column":5}},"line":86},"10":{"name":"(anonymous_10)","decl":{"start":{"line":89,"column":51},"end":{"line":89,"column":52}},"loc":{"start":{"line":89,"column":61},"end":{"line":94,"column":13}},"line":89},"11":{"name":"(anonymous_11)","decl":{"start":{"line":94,"column":21},"end":{"line":94,"column":22}},"loc":{"start":{"line":94,"column":30},"end":{"line":99,"column":13}},"line":94},"12":{"name":"(anonymous_12)","decl":{"start":{"line":108,"column":4},"end":{"line":108,"column":5}},"loc":{"start":{"line":108,"column":34},"end":{"line":131,"column":5}},"line":108},"13":{"name":"(anonymous_13)","decl":{"start":{"line":114,"column":53},"end":{"line":114,"column":54}},"loc":{"start":{"line":114,"column":63},"end":{"line":119,"column":13}},"line":114},"14":{"name":"(anonymous_14)","decl":{"start":{"line":119,"column":21},"end":{"line":119,"column":22}},"loc":{"start":{"line":119,"column":30},"end":{"line":124,"column":13}},"line":119},"15":{"name":"(anonymous_15)","decl":{"start":{"line":133,"column":4},"end":{"line":133,"column":5}},"loc":{"start":{"line":133,"column":25},"end":{"line":153,"column":5}},"line":133},"16":{"name":"(anonymous_16)","decl":{"start":{"line":136,"column":45},"end":{"line":136,"column":46}},"loc":{"start":{"line":136,"column":55},"end":{"line":141,"column":13}},"line":136},"17":{"name":"(anonymous_17)","decl":{"start":{"line":141,"column":21},"end":{"line":141,"column":22}},"loc":{"start":{"line":141,"column":30},"end":{"line":146,"column":13}},"line":141},"18":{"name":"(anonymous_18)","decl":{"start":{"line":155,"column":4},"end":{"line":155,"column":5}},"loc":{"start":{"line":155,"column":27},"end":{"line":175,"column":5}},"line":155},"19":{"name":"(anonymous_19)","decl":{"start":{"line":158,"column":55},"end":{"line":158,"column":56}},"loc":{"start":{"line":158,"column":65},"end":{"line":163,"column":13}},"line":158},"20":{"name":"(anonymous_20)","decl":{"start":{"line":163,"column":21},"end":{"line":163,"column":22}},"loc":{"start":{"line":163,"column":30},"end":{"line":168,"column":13}},"line":163},"21":{"name":"(anonymous_21)","decl":{"start":{"line":177,"column":4},"end":{"line":177,"column":5}},"loc":{"start":{"line":177,"column":32},"end":{"line":209,"column":5}},"line":177},"22":{"name":"(anonymous_22)","decl":{"start":{"line":186,"column":57},"end":{"line":186,"column":58}},"loc":{"start":{"line":186,"column":67},"end":{"line":193,"column":13}},"line":186},"23":{"name":"(anonymous_23)","decl":{"start":{"line":193,"column":21},"end":{"line":193,"column":22}},"loc":{"start":{"line":193,"column":30},"end":{"line":200,"column":13}},"line":193},"24":{"name":"(anonymous_24)","decl":{"start":{"line":211,"column":4},"end":{"line":211,"column":5}},"loc":{"start":{"line":211,"column":34},"end":{"line":235,"column":5}},"line":211},"25":{"name":"(anonymous_25)","decl":{"start":{"line":218,"column":62},"end":{"line":218,"column":63}},"loc":{"start":{"line":218,"column":72},"end":{"line":223,"column":13}},"line":218},"26":{"name":"(anonymous_26)","decl":{"start":{"line":223,"column":21},"end":{"line":223,"column":22}},"loc":{"start":{"line":223,"column":30},"end":{"line":228,"column":13}},"line":223},"27":{"name":"(anonymous_27)","decl":{"start":{"line":237,"column":4},"end":{"line":237,"column":5}},"loc":{"start":{"line":237,"column":28},"end":{"line":268,"column":5}},"line":237},"28":{"name":"(anonymous_28)","decl":{"start":{"line":247,"column":54},"end":{"line":247,"column":55}},"loc":{"start":{"line":247,"column":64},"end":{"line":252,"column":17}},"line":247},"29":{"name":"(anonymous_29)","decl":{"start":{"line":252,"column":25},"end":{"line":252,"column":26}},"loc":{"start":{"line":252,"column":34},"end":{"line":257,"column":17}},"line":252},"30":{"name":"(anonymous_30)","decl":{"start":{"line":270,"column":4},"end":{"line":270,"column":5}},"loc":{"start":{"line":270,"column":26},"end":{"line":294,"column":5}},"line":270},"31":{"name":"(anonymous_31)","decl":{"start":{"line":277,"column":48},"end":{"line":277,"column":49}},"loc":{"start":{"line":277,"column":58},"end":{"line":282,"column":13}},"line":277},"32":{"name":"(anonymous_32)","decl":{"start":{"line":282,"column":21},"end":{"line":282,"column":22}},"loc":{"start":{"line":282,"column":30},"end":{"line":287,"column":13}},"line":282},"33":{"name":"(anonymous_33)","decl":{"start":{"line":296,"column":4},"end":{"line":296,"column":5}},"loc":{"start":{"line":296,"column":25},"end":{"line":316,"column":5}},"line":296},"34":{"name":"(anonymous_34)","decl":{"start":{"line":299,"column":45},"end":{"line":299,"column":46}},"loc":{"start":{"line":299,"column":53},"end":{"line":304,"column":13}},"line":299},"35":{"name":"(anonymous_35)","decl":{"start":{"line":304,"column":21},"end":{"line":304,"column":22}},"loc":{"start":{"line":304,"column":30},"end":{"line":308,"column":13}},"line":304}},"branchMap":{"0":{"loc":{"start":{"line":242,"column":12},"end":{"line":245,"column":56}},"type":"cond-expr","locations":[{"start":{"line":242,"column":58},"end":{"line":242,"column":113}},{"start":{"line":243,"column":18},"end":{"line":245,"column":56}}],"line":242},"1":{"loc":{"start":{"line":243,"column":18},"end":{"line":245,"column":56}},"type":"cond-expr","locations":[{"start":{"line":243,"column":64},"end":{"line":243,"column":119}},{"start":{"line":244,"column":22},"end":{"line":245,"column":56}}],"line":243},"2":{"loc":{"start":{"line":244,"column":22},"end":{"line":245,"column":56}},"type":"cond-expr","locations":[{"start":{"line":244,"column":67},"end":{"line":244,"column":121}},{"start":{"line":245,"column":26},"end":{"line":245,"column":56}}],"line":244},"3":{"loc":{"start":{"line":246,"column":12},"end":{"line":260,"column":13}},"type":"if","locations":[{"start":{"line":246,"column":12},"end":{"line":260,"column":13}},{"start":{"line":246,"column":12},"end":{"line":260,"column":13}}],"line":246}},"s":{"0":1,"1":2,"2":2,"3":2,"4":2,"5":2,"6":2,"7":2,"8":2,"9":0,"10":0,"11":0,"12":0,"13":0,"14":0,"15":0,"16":0,"17":0,"18":0,"19":0,"20":0,"21":0,"22":0,"23":0,"24":0,"25":0,"26":0,"27":0,"28":0,"29":0,"30":0,"31":0,"32":0,"33":2,"34":2,"35":2,"36":2,"37":2,"38":1,"39":1,"40":1,"41":1,"42":1,"43":1,"44":1,"45":1,"46":0,"47":0,"48":0,"49":0,"50":1,"51":1,"52":1,"53":1,"54":1,"55":1,"56":1,"57":0,"58":0,"59":0,"60":0,"61":0,"62":0,"63":0,"64":0,"65":0,"66":0,"67":0,"68":0,"69":0,"70":0,"71":0,"72":0,"73":0,"74":0,"75":0,"76":0,"77":0,"78":0,"79":0,"80":0,"81":0,"82":0,"83":0,"84":0,"85":0,"86":0,"87":0,"88":0,"89":0,"90":0,"91":0,"92":0,"93":0,"94":0,"95":0,"96":0,"97":0,"98":0,"99":0,"100":0,"101":0,"102":0,"103":0,"104":0,"105":0,"106":0,"107":0,"108":0,"109":0,"110":0,"111":0,"112":0,"113":0,"114":0,"115":0,"116":0,"117":0,"118":0,"119":0,"120":0,"121":0,"122":0,"123":0,"124":0,"125":0,"126":0,"127":0,"128":0,"129":0,"130":0,"131":0,"132":0,"133":0,"134":0,"135":0,"136":0,"137":0,"138":0,"139":0,"140":0,"141":0,"142":0,"143":0,"144":0,"145":0,"146":0,"147":0,"148":0,"149":0,"150":0,"151":0,"152":0,"153":0,"154":0,"155":0,"156":0,"157":0,"158":0,"159":0,"160":0,"161":0,"162":0,"163":0,"164":0,"165":0,"166":0,"167":0,"168":0,"169":0,"170":0,"171":0,"172":0,"173":0,"174":0,"175":0,"176":0,"177":0,"178":0,"179":0,"180":0,"181":0,"182":0,"183":0,"184":0,"185":0,"186":0,"187":0,"188":0,"189":0,"190":0,"191":0,"192":1},"f":{"0":2,"1":2,"2":0,"3":0,"4":0,"5":0,"6":2,"7":1,"8":1,"9":1,"10":1,"11":0,"12":0,"13":0,"14":0,"15":0,"16":0,"17":0,"18":0,"19":0,"20":0,"21":0,"22":0,"23":0,"24":0,"25":0,"26":0,"27":0,"28":0,"29":0,"30":0,"31":0,"32":0,"33":0,"34":0,"35":0},"b":{"0":[0,0],"1":[0,0],"2":[0,0],"3":[0,0]},"_coverageSchema":"43e27e138ebf9cfc5966b082cf9a028302ed4184","hash":"71b38ed6e48e1162631203e13e92191156e5f382","contentHash":"f82eb3cf67837d6e3c31deb032948d31e35ed923a10400134821e3c0d11e162b"},"/home/admin1/Documents/BLabz_Work-master/fundooApp/backend/service/noteService.js":{"path":"/home/admin1/Documents/BLabz_Work-master/fundooApp/backend/service/noteService.js","statementMap":{"0":{"start":{"line":1,"column":18},"end":{"line":1,"column":47}},"1":{"start":{"line":2,"column":19},"end":{"line":2,"column":49}},"2":{"start":{"line":4,"column":12},"end":{"line":4,"column":28}},"3":{"start":{"line":5,"column":13},"end":{"line":5,"column":33}},"4":{"start":{"line":7,"column":0},"end":{"line":9,"column":3}},"5":{"start":{"line":8,"column":4},"end":{"line":8,"column":45}},"6":{"start":{"line":13,"column":8},"end":{"line":27,"column":9}},"7":{"start":{"line":14,"column":12},"end":{"line":24,"column":14}},"8":{"start":{"line":15,"column":16},"end":{"line":23,"column":18}},"9":{"start":{"line":16,"column":31},"end":{"line":18,"column":21}},"10":{"start":{"line":19,"column":20},"end":{"line":19,"column":40}},"11":{"start":{"line":20,"column":20},"end":{"line":20,"column":29}},"12":{"start":{"line":22,"column":20},"end":{"line":22,"column":28}},"13":{"start":{"line":26,"column":12},"end":{"line":26,"column":22}},"14":{"start":{"line":31,"column":8},"end":{"line":44,"column":9}},"15":{"start":{"line":32,"column":12},"end":{"line":41,"column":14}},"16":{"start":{"line":33,"column":31},"end":{"line":33,"column":56}},"17":{"start":{"line":34,"column":16},"end":{"line":40,"column":18}},"18":{"start":{"line":35,"column":31},"end":{"line":35,"column":68}},"19":{"start":{"line":36,"column":20},"end":{"line":36,"column":62}},"20":{"start":{"line":37,"column":20},"end":{"line":37,"column":29}},"21":{"start":{"line":39,"column":20},"end":{"line":39,"column":28}},"22":{"start":{"line":43,"column":12},"end":{"line":43,"column":22}},"23":{"start":{"line":48,"column":8},"end":{"line":68,"column":9}},"24":{"start":{"line":49,"column":12},"end":{"line":65,"column":14}},"25":{"start":{"line":50,"column":29},"end":{"line":50,"column":50}},"26":{"start":{"line":51,"column":29},"end":{"line":51,"column":62}},"27":{"start":{"line":52,"column":16},"end":{"line":64,"column":18}},"28":{"start":{"line":53,"column":20},"end":{"line":53,"column":53}},"29":{"start":{"line":54,"column":31},"end":{"line":56,"column":21}},"30":{"start":{"line":57,"column":20},"end":{"line":57,"column":40}},"31":{"start":{"line":58,"column":31},"end":{"line":58,"column":75}},"32":{"start":{"line":59,"column":32},"end":{"line":59,"column":43}},"33":{"start":{"line":60,"column":20},"end":{"line":60,"column":45}},"34":{"start":{"line":61,"column":20},"end":{"line":61,"column":29}},"35":{"start":{"line":63,"column":20},"end":{"line":63,"column":28}},"36":{"start":{"line":67,"column":12},"end":{"line":67,"column":22}},"37":{"start":{"line":72,"column":8},"end":{"line":84,"column":9}},"38":{"start":{"line":73,"column":12},"end":{"line":81,"column":14}},"39":{"start":{"line":74,"column":16},"end":{"line":80,"column":18}},"40":{"start":{"line":75,"column":31},"end":{"line":75,"column":68}},"41":{"start":{"line":76,"column":20},"end":{"line":76,"column":69}},"42":{"start":{"line":77,"column":20},"end":{"line":77,"column":29}},"43":{"start":{"line":79,"column":20},"end":{"line":79,"column":28}},"44":{"start":{"line":83,"column":12},"end":{"line":83,"column":22}},"45":{"start":{"line":88,"column":8},"end":{"line":123,"column":9}},"46":{"start":{"line":89,"column":12},"end":{"line":120,"column":14}},"47":{"start":{"line":90,"column":16},"end":{"line":90,"column":55}},"48":{"start":{"line":92,"column":29},"end":{"line":92,"column":48}},"49":{"start":{"line":93,"column":16},"end":{"line":119,"column":18}},"50":{"start":{"line":94,"column":20},"end":{"line":94,"column":59}},"51":{"start":{"line":96,"column":38},"end":{"line":103,"column":21}},"52":{"start":{"line":104,"column":20},"end":{"line":104,"column":71}},"53":{"start":{"line":106,"column":20},"end":{"line":116,"column":22}},"54":{"start":{"line":107,"column":35},"end":{"line":107,"column":79}},"55":{"start":{"line":108,"column":36},"end":{"line":108,"column":47}},"56":{"start":{"line":109,"column":24},"end":{"line":109,"column":49}},"57":{"start":{"line":110,"column":35},"end":{"line":110,"column":78}},"58":{"start":{"line":111,"column":36},"end":{"line":111,"column":46}},"59":{"start":{"line":112,"column":24},"end":{"line":112,"column":49}},"60":{"start":{"line":113,"column":24},"end":{"line":113,"column":33}},"61":{"start":{"line":115,"column":24},"end":{"line":115,"column":32}},"62":{"start":{"line":118,"column":20},"end":{"line":118,"column":28}},"63":{"start":{"line":122,"column":12},"end":{"line":122,"column":22}},"64":{"start":{"line":127,"column":8},"end":{"line":138,"column":9}},"65":{"start":{"line":128,"column":12},"end":{"line":135,"column":14}},"66":{"start":{"line":129,"column":27},"end":{"line":129,"column":48}},"67":{"start":{"line":130,"column":16},"end":{"line":134,"column":18}},"68":{"start":{"line":131,"column":20},"end":{"line":131,"column":29}},"69":{"start":{"line":133,"column":20},"end":{"line":133,"column":28}},"70":{"start":{"line":137,"column":12},"end":{"line":137,"column":22}},"71":{"start":{"line":143,"column":8},"end":{"line":154,"column":9}},"72":{"start":{"line":144,"column":12},"end":{"line":151,"column":14}},"73":{"start":{"line":145,"column":28},"end":{"line":145,"column":76}},"74":{"start":{"line":146,"column":16},"end":{"line":150,"column":18}},"75":{"start":{"line":147,"column":20},"end":{"line":147,"column":29}},"76":{"start":{"line":149,"column":20},"end":{"line":149,"column":28}},"77":{"start":{"line":153,"column":12},"end":{"line":153,"column":22}},"78":{"start":{"line":158,"column":8},"end":{"line":170,"column":9}},"79":{"start":{"line":159,"column":12},"end":{"line":167,"column":14}},"80":{"start":{"line":160,"column":29},"end":{"line":160,"column":46}},"81":{"start":{"line":161,"column":30},"end":{"line":161,"column":52}},"82":{"start":{"line":162,"column":16},"end":{"line":166,"column":18}},"83":{"start":{"line":163,"column":20},"end":{"line":163,"column":29}},"84":{"start":{"line":165,"column":20},"end":{"line":165,"column":28}},"85":{"start":{"line":169,"column":12},"end":{"line":169,"column":22}},"86":{"start":{"line":174,"column":8},"end":{"line":217,"column":9}},"87":{"start":{"line":175,"column":12},"end":{"line":213,"column":14}},"88":{"start":{"line":176,"column":16},"end":{"line":212,"column":17}},"89":{"start":{"line":177,"column":32},"end":{"line":182,"column":21}},"90":{"start":{"line":184,"column":20},"end":{"line":192,"column":22}},"91":{"start":{"line":185,"column":37},"end":{"line":185,"column":63}},"92":{"start":{"line":186,"column":36},"end":{"line":186,"column":68}},"93":{"start":{"line":187,"column":24},"end":{"line":191,"column":26}},"94":{"start":{"line":188,"column":28},"end":{"line":188,"column":37}},"95":{"start":{"line":190,"column":28},"end":{"line":190,"column":36}},"96":{"start":{"line":194,"column":37},"end":{"line":196,"column":21}},"97":{"start":{"line":197,"column":20},"end":{"line":211,"column":22}},"98":{"start":{"line":198,"column":24},"end":{"line":198,"column":76}},"99":{"start":{"line":200,"column":37},"end":{"line":200,"column":63}},"100":{"start":{"line":201,"column":36},"end":{"line":201,"column":71}},"101":{"start":{"line":202,"column":24},"end":{"line":208,"column":26}},"102":{"start":{"line":203,"column":28},"end":{"line":203,"column":77}},"103":{"start":{"line":205,"column":28},"end":{"line":205,"column":37}},"104":{"start":{"line":207,"column":28},"end":{"line":207,"column":36}},"105":{"start":{"line":210,"column":24},"end":{"line":210,"column":32}},"106":{"start":{"line":216,"column":12},"end":{"line":216,"column":22}},"107":{"start":{"line":221,"column":8},"end":{"line":233,"column":9}},"108":{"start":{"line":222,"column":12},"end":{"line":230,"column":14}},"109":{"start":{"line":224,"column":16},"end":{"line":224,"column":99}},"110":{"start":{"line":225,"column":28},"end":{"line":225,"column":71}},"111":{"start":{"line":226,"column":16},"end":{"line":229,"column":47}},"112":{"start":{"line":227,"column":20},"end":{"line":227,"column":65}},"113":{"start":{"line":228,"column":20},"end":{"line":228,"column":29}},"114":{"start":{"line":229,"column":36},"end":{"line":229,"column":44}},"115":{"start":{"line":232,"column":12},"end":{"line":232,"column":22}},"116":{"start":{"line":237,"column":8},"end":{"line":249,"column":9}},"117":{"start":{"line":238,"column":12},"end":{"line":246,"column":14}},"118":{"start":{"line":239,"column":27},"end":{"line":239,"column":50}},"119":{"start":{"line":240,"column":29},"end":{"line":240,"column":62}},"120":{"start":{"line":241,"column":16},"end":{"line":245,"column":18}},"121":{"start":{"line":242,"column":20},"end":{"line":242,"column":29}},"122":{"start":{"line":244,"column":20},"end":{"line":244,"column":28}},"123":{"start":{"line":248,"column":12},"end":{"line":248,"column":22}},"124":{"start":{"line":253,"column":8},"end":{"line":281,"column":9}},"125":{"start":{"line":254,"column":12},"end":{"line":278,"column":14}},"126":{"start":{"line":255,"column":27},"end":{"line":255,"column":42}},"127":{"start":{"line":256,"column":29},"end":{"line":256,"column":44}},"128":{"start":{"line":258,"column":32},"end":{"line":269,"column":17}},"129":{"start":{"line":270,"column":16},"end":{"line":270,"column":68}},"130":{"start":{"line":272,"column":16},"end":{"line":277,"column":18}},"131":{"start":{"line":273,"column":20},"end":{"line":273,"column":73}},"132":{"start":{"line":274,"column":20},"end":{"line":274,"column":29}},"133":{"start":{"line":276,"column":20},"end":{"line":276,"column":28}},"134":{"start":{"line":280,"column":12},"end":{"line":280,"column":22}},"135":{"start":{"line":285,"column":0},"end":{"line":285,"column":35}}},"fnMap":{"0":{"name":"(anonymous_0)","decl":{"start":{"line":7,"column":19},"end":{"line":7,"column":20}},"loc":{"start":{"line":7,"column":34},"end":{"line":9,"column":1}},"line":7},"1":{"name":"(anonymous_1)","decl":{"start":{"line":12,"column":4},"end":{"line":12,"column":5}},"loc":{"start":{"line":12,"column":22},"end":{"line":28,"column":5}},"line":12},"2":{"name":"(anonymous_2)","decl":{"start":{"line":14,"column":31},"end":{"line":14,"column":32}},"loc":{"start":{"line":14,"column":45},"end":{"line":24,"column":13}},"line":14},"3":{"name":"(anonymous_3)","decl":{"start":{"line":15,"column":52},"end":{"line":15,"column":53}},"loc":{"start":{"line":15,"column":62},"end":{"line":21,"column":17}},"line":15},"4":{"name":"(anonymous_4)","decl":{"start":{"line":21,"column":25},"end":{"line":21,"column":26}},"loc":{"start":{"line":21,"column":34},"end":{"line":23,"column":17}},"line":21},"5":{"name":"(anonymous_5)","decl":{"start":{"line":30,"column":4},"end":{"line":30,"column":5}},"loc":{"start":{"line":30,"column":20},"end":{"line":45,"column":5}},"line":30},"6":{"name":"(anonymous_6)","decl":{"start":{"line":32,"column":31},"end":{"line":32,"column":32}},"loc":{"start":{"line":32,"column":45},"end":{"line":41,"column":13}},"line":32},"7":{"name":"(anonymous_7)","decl":{"start":{"line":34,"column":51},"end":{"line":34,"column":52}},"loc":{"start":{"line":34,"column":61},"end":{"line":38,"column":17}},"line":34},"8":{"name":"(anonymous_8)","decl":{"start":{"line":38,"column":25},"end":{"line":38,"column":26}},"loc":{"start":{"line":38,"column":34},"end":{"line":40,"column":17}},"line":38},"9":{"name":"(anonymous_9)","decl":{"start":{"line":47,"column":4},"end":{"line":47,"column":5}},"loc":{"start":{"line":47,"column":23},"end":{"line":69,"column":5}},"line":47},"10":{"name":"(anonymous_10)","decl":{"start":{"line":49,"column":31},"end":{"line":49,"column":32}},"loc":{"start":{"line":49,"column":45},"end":{"line":65,"column":13}},"line":49},"11":{"name":"(anonymous_11)","decl":{"start":{"line":52,"column":64},"end":{"line":52,"column":65}},"loc":{"start":{"line":52,"column":74},"end":{"line":62,"column":17}},"line":52},"12":{"name":"(anonymous_12)","decl":{"start":{"line":62,"column":25},"end":{"line":62,"column":26}},"loc":{"start":{"line":62,"column":34},"end":{"line":64,"column":17}},"line":62},"13":{"name":"(anonymous_13)","decl":{"start":{"line":71,"column":4},"end":{"line":71,"column":5}},"loc":{"start":{"line":71,"column":25},"end":{"line":85,"column":5}},"line":71},"14":{"name":"(anonymous_14)","decl":{"start":{"line":73,"column":31},"end":{"line":73,"column":32}},"loc":{"start":{"line":73,"column":45},"end":{"line":81,"column":13}},"line":73},"15":{"name":"(anonymous_15)","decl":{"start":{"line":74,"column":47},"end":{"line":74,"
[...]
_1)","decl":{"start":{"line":6,"column":27},"end":{"line":6,"column":28}},"loc":{"start":{"line":6,"column":41},"end":{"line":12,"column":9}},"line":6},"2":{"name":"(anonymous_2)","decl":{"start":{"line":7,"column":54},"end":{"line":7,"column":55}},"loc":{"start":{"line":7,"column":62},"end":{"line":9,"column":13}},"line":7},"3":{"name":"(anonymous_3)","decl":{"start":{"line":9,"column":21},"end":{"line":9,"column":22}},"loc":{"start":{"line":9,"column":28},"end":{"line":11,"column":13}},"line":9},"4":{"name":"(anonymous_4)","decl":{"start":{"line":15,"column":4},"end":{"line":15,"column":5}},"loc":{"start":{"line":15,"column":21},"end":{"line":24,"column":5}},"line":15},"5":{"name":"(anonymous_5)","decl":{"start":{"line":16,"column":27},"end":{"line":16,"column":28}},"loc":{"start":{"line":16,"column":41},"end":{"line":23,"column":9}},"line":16},"6":{"name":"(anonymous_6)","decl":{"start":{"line":18,"column":46},"end":{"line":18,"column":47}},"loc":{"start":{"line":18,"column":54},"end":{"line":20,"column":13}},"line":18},"7":{"name":"(anonymous_7)","decl":{"start":{"line":20,"column":21},"end":{"line":20,"column":22}},"loc":{"start":{"line":20,"column":28},"end":{"line":22,"column":13}},"line":20}},"branchMap":{},"s":{"0":1,"1":0,"2":0,"3":0,"4":0,"5":0,"6":0,"7":0,"8":0,"9":0,"10":1},"f":{"0":0,"1":0,"2":0,"3":0,"4":0,"5":0,"6":0,"7":0},"b":{},"_coverageSchema":"43e27e138ebf9cfc5966b082cf9a028302ed4184","hash":"7a53bc1a5f9e2b9937827edc7d8a33e6ea593486","contentHash":"14c2d184ba93172da6005b8d3632e029e323eed592fe5acab32a8d5d614fc628"},"/home/admin1/Documents/BLabz_Work-master/fundooApp/backend/model/collaborateModel.js":{"path":"/home/admin1/Documents/BLabz_Work-master/fundooApp/backend/model/collaborateModel.js","statementMap":{"0":{"start":{"line":9,"column":17},"end":{"line":9,"column":36}},"1":{"start":{"line":11,"column":13},"end":{"line":27,"column":1}},"2":{"start":{"line":29,"column":18},"end":{"line":29,"column":55}},"3":{"start":{"line":34,"column":8},"end":{"line":47,"column":10}},"4":{"start":{"line":35,"column":29},"end":{"line":39,"column":14}},"5":{"start":{"line":40,"column":12},"end":{"line":46,"column":14}},"6":{"start":{"line":41,"column":16},"end":{"line":45,"column":17}},"7":{"start":{"line":42,"column":20},"end":{"line":42,"column":28}},"8":{"start":{"line":44,"column":20},"end":{"line":44,"column":29}},"9":{"start":{"line":51,"column":8},"end":{"line":57,"column":10}},"10":{"start":{"line":52,"column":12},"end":{"line":56,"column":14}},"11":{"start":{"line":53,"column":18},"end":{"line":53,"column":27}},"12":{"start":{"line":55,"column":18},"end":{"line":55,"column":26}},"13":{"start":{"line":61,"column":0},"end":{"line":61,"column":40}}},"fnMap":{"0":{"name":"(anonymous_0)","decl":{"start":{"line":33,"column":4},"end":{"line":33,"column":5}},"loc":{"start":{"line":33,"column":24},"end":{"line":48,"column":5}},"line":33},"1":{"name":"(anonymous_1)","decl":{"start":{"line":34,"column":27},"end":{"line":34,"column":28}},"loc":{"start":{"line":34,"column":41},"end":{"line":47,"column":9}},"line":34},"2":{"name":"(anonymous_2)","decl":{"start":{"line":40,"column":28},"end":{"line":40,"column":29}},"loc":{"start":{"line":40,"column":43},"end":{"line":46,"column":13}},"line":40},"3":{"name":"(anonymous_3)","decl":{"start":{"line":50,"column":4},"end":{"line":50,"column":5}},"loc":{"start":{"line":50,"column":15},"end":{"line":58,"column":5}},"line":50},"4":{"name":"(anonymous_4)","decl":{"start":{"line":51,"column":27},"end":{"line":51,"column":28}},"loc":{"start":{"line":51,"column":38},"end":{"line":57,"column":9}},"line":51},"5":{"name":"(anonymous_5)","decl":{"start":{"line":52,"column":41},"end":{"line":52,"column":42}},"loc":{"start":{"line":52,"column":47},"end":{"line":54,"column":13}},"line":52},"6":{"name":"(anonymous_6)","decl":{"start":{"line":54,"column":21},"end":{"line":54,"column":22}},"loc":{"start":{"line":54,"column":26},"end":{"line":56,"column":13}},"line":54}},"branchMap":{"0":{"loc":{"start":{"line":41,"column":16},"end":{"line":45,"column":17}},"type":"if","locations":[{"start":{"line":41,"column":16},"end":{"line":45,"column":17}},{"start":{"line":41,"column":16},"end":{"line":45,"column":17}}],"line":41}},"s":{"0":1,"1":1,"2":1,"3":0,"4":0,"5":0,"6":0,"7":0,"8":0,"9":0,"10":0,"11":0,"12":0,"13":1},"f":{"0":0,"1":0,"2":0,"3":0,"4":0,"5":0,"6":0},"b":{"0":[0,0]},"_coverageSchema":"43e27e138ebf9cfc5966b082cf9a028302ed4184","hash":"adb88ce9426a25e91d54a4d4c0026bf4315a299c","contentHash":"a2f8a95a4afff9e976de0a1fd3e654acf48464273e7b863af4330e9895283e69"},"/home/admin1/Documents/BLabz_Work-master/fundooApp/backend/middleware/authentication.js":{"path":"/home/admin1/Documents/BLabz_Work-master/fundooApp/backend/middleware/authentication.js","statementMap":{"0":{"start":{"line":1,"column":12},"end":{"line":1,"column":35}},"1":{"start":{"line":3,"column":0},"end":{"line":3,"column":58}},"2":{"start":{"line":5,"column":13},"end":{"line":35,"column":1}},"3":{"start":{"line":7,"column":18},"end":{"line":7,"column":37}},"4":{"start":{"line":8,"column":4},"end":{"line":34,"column":5}},"5":{"start":{"line":9,"column":8},"end":{"line":26,"column":11}},"6":{"start":{"line":10,"column":12},"end":{"line":24,"column":13}},"7":{"start":{"line":11,"column":16},"end":{"line":16,"column":23}},"8":{"start":{"line":19,"column":16},"end":{"line":19,"column":50}},"9":{"start":{"line":21,"column":16},"end":{"line":21,"column":38}},"10":{"start":{"line":22,"column":16},"end":{"line":22,"column":60}},"11":{"start":{"line":23,"column":16},"end":{"line":23,"column":23}},"12":{"start":{"line":25,"column":12},"end":{"line":25,"column":27}},"13":{"start":{"line":29,"column":8},"end":{"line":33,"column":15}},"14":{"start":{"line":41,"column":0},"end":{"line":41,"column":22}}},"fnMap":{"0":{"name":"(anonymous_0)","decl":{"start":{"line":5,"column":13},"end":{"line":5,"column":14}},"loc":{"start":{"line":5,"column":33},"end":{"line":35,"column":1}},"line":5},"1":{"name":"(anonymous_1)","decl":{"start":{"line":9,"column":50},"end":{"line":9,"column":51}},"loc":{"start":{"line":9,"column":68},"end":{"line":26,"column":9}},"line":9}},"branchMap":{"0":{"loc":{"start":{"line":8,"column":4},"end":{"line":34,"column":5}},"type":"if","locations":[{"start":{"line":8,"column":4},"end":{"line":34,"column":5}},{"start":{"line":8,"column":4},"end":{"line":34,"column":5}}],"line":8},"1":{"loc":{"start":{"line":10,"column":12},"end":{"line":24,"column":13}},"type":"if","locations":[{"start":{"line":10,"column":12},"end":{"line":24,"column":13}},{"start":{"line":10,"column":12},"end":{"line":24,"column":13}}],"line":10}},"s":{"0":1,"1":1,"2":1,"3":19,"4":19,"5":8,"6":8,"7":1,"8":7,"9":7,"10":7,"11":7,"12":7,"13":11,"14":1},"f":{"0":19,"1":8},"b":{"0":[8,11],"1":[1,7]},"_coverageSchema":"43e27e138ebf9cfc5966b082cf9a028302ed4184","hash":"a0abd5e57fb2e3041788d212d396048846e2ba4b","contentHash":"79d447c0be149e5d857e18f3f46d13750be9697f7fd4cbb198d1010a18fe4153"},"/home/admin1/Documents/BLabz_Work-master/fundooApp/backend/controller/cacheController.js":{"path":"/home/admin1/Documents/BLabz_Work-master/fundooApp/backend/controller/cacheController.js","statementMap":{"0":{"start":{"line":8,"column":15},"end":{"line":8,"column":49}},"1":{"start":{"line":18,"column":25},"end":{"line":18,"column":50}},"2":{"start":{"line":19,"column":8},"end":{"line":19,"column":45}},"3":{"start":{"line":20,"column":23},"end":{"line":20,"column":25}},"4":{"start":{"line":21,"column":8},"end":{"line":43,"column":10}},"5":{"start":{"line":25,"column":12},"end":{"line":35,"column":13}},"6":{"start":{"line":28,"column":16},"end":{"line":28,"column":38}},"7":{"start":{"line":29,"column":16},"end":{"line":29,"column":61}},"8":{"start":{"line":31,"column":16},"end":{"line":31,"column":60}},"9":{"start":{"line":32,"column":16},"end":{"line":32,"column":46}},"10":{"start":{"line":34,"column":16},"end":{"line":34,"column":23}},"11":{"start":{"line":37,"column":12},"end":{"line":37,"column":35}},"12":{"start":{"line":38,"column":12},"end":{"line":38,"column":57}},"13":{"start":{"line":40,"column":12},"end":{"line":40,"column":32}},"14":{"start":{"line":41,"column":12},"end":{"line":41,"column":42}},"15":{"start":{"line":52,"column":23},"end":{"line":52,"column":25}},"16":{"start":{"line":53,"column":25},"end":{"line":53,"column":52}},"17":{"start":{"line":54,"column":8},"end":{"line":70,"column":10}},"18":{"start":{"line":55,"column":12},"end":{"line":64,"column":13}},"19":{"start":{"line":56,"column":31},"end":{"line":56,"column":33}},"20":{"start":{"line":57,"column":16},"end":{"line":57,"column":38}},"21":{"start":{"line":58,"column":16},"end":{"line":58,"column":61}},"22":{"start":{"line":60,"column":16},"end":{"line":60,"column":37}},"23":{"start":{"line":61,"column":16},"end":{"line":61,"column":46}},"24":{"start":{"line":63,"column":16},"end":{"line":63,"column":23}},"25":{"start":{"line":66,"column":12},"end":{"line":66,"column":36}},"26":{"start":{"line":67,"column":12},"end":{"line":67,"column":59}},"27":{"start":{"line":68,"column":12},"end":{"line":68,"column":32}},"28":{"start":{"line":69,"column":12},"end":{"line":69,"column":42}},"29":{"start":{"line":79,"column":20},"end":{"line":79,"column":45}},"30":{"start":{"line":80,"column":25},"end":{"line":80,"column":57}},"31":{"start":{"line":81,"column":8},"end":{"line":97,"column":10}},"32":{"start":{"line":82,"column":12},"end":{"line":91,"column":13}},"33":{"start":{"line":83,"column":31},"end":{"line":83,"column":33}},"34":{"start":{"line":84,"column":16},"end":{"line":84,"column":38}},"35":{"start":{"line":85,"column":16},"end":{"line":85,"column":60}},"36":{"start":{"line":87,"column":16},"end":{"line":87,"column":59}},"37":{"start":{"line":88,"column":16},"end":{"line":88,"column":46}},"38":{"start":{"line":90,"column":16},"end":{"line":90,"column":23}},"39":{"start":{"line":93,"column":12},"end":{"line":93,"column":36}},"40":{"start":{"line":94,"column":12},"end":{"line":94,"column":59}},"41":{"start":{"line":95,"column":12},"end":{"line":95,"column":32}},"42":{"start":{"line":96,"column":12},"end":{"line":96,"column":42}},"43":{"start":{"line":102,"column":0},"end":{"line":102,"column":29}}},"fnMap":{"0":{"name":"(anonymous_0)","decl":{"start":{"line":17,"column":4},"end":{"line":17,"column":5}},"loc":{"start":{"line":17,"column":26},"end":{"line":44,"column":5}},"line":17},"1":{"name":"(anonymous_1)","decl":{"start":{"line":21,"column":42},"end":{"line":21,"column":43}},"loc":{"start":{"line":21,"column":50},"end":{"line":36,"column":9}},"line":21},"2":{"name":"(anonymous_2)","decl":{"start":{"line":36,"column":17},"end":{"line":36,"column":18}},"loc":{"start":{"line":36,"column":24},"end":{"line":43,"column":9}},"line":36},"3":{"name":"(anonymous_3)","decl":{"start":{"line":51,"column":4},"end":{"line":51,"column":5}},"loc":{"start":{"line":51,"column":26},"end":{"line":71,"column":5}},"line":51},"4":{"name":"(anonymous_4)","decl":{"start":{"line":54,"column":42},"end":{"line":54,"column":43}},"loc":{"start":{"line":54,"column":50},"end":{"line":65,"column":9}},"line":54},"5":{"name":"(anonymous_5)","decl":{"start":{"line":65,"column":17},"end":{"line":65,"column":18}},"loc":{"start":{"line":65,"column":24},"end":{"line":70,"column":9}},"line":65},"6":{"name":"(anonymous_6)","decl":{"start":{"line":78,"column":4},"end":{"line":78,"column":5}},"loc":{"start":{"line":78,"column":25},"end":{"line":98,"column":5}},"line":78},"7":{"name":"(anonymous_7)","decl":{"start":{"line":81,"column":42},"end":{"line":81,"column":43}},"loc":{"start":{"line":81,"column":50},"end":{"line":92,"column":9}},"line":81},"8":{"name":"(anonymous_8)","decl":{"start":{"line":92,"column":17},"end":{"line":92,"column":18}},"loc":{"start":{"line":92,"column":24},"end":{"line":97,"column":9}},"line":92}},"branchMap":{"0":{"loc":{"start":{"line":25,"column":12},"end":{"line":35,"column":13}},"type":"if","locations":[{"start":{"line":25,"column":12},"end":{"line":35,"column":13}},{"start":{"line":25,"column":12},"end":{"line":35,"column":13}}],"line":25},"1":{"loc":{"start":{"line":55,"column":12},"end":{"line":64,"column":13}},"type":"if","locations":[{"start":{"line":55,"column":12},"end":{"line":64,"column":13}},{"start":{"line":55,"column":12},"end":{"line":64,"column":13}}],"line":55},"2":{"loc":{"start":{"line":82,"column":12},"end":{"line":91,"column":13}},"type":"if","locations":[{"start":{"line":82,"column":12},"end":{"line":91,"column":13}},{"start":{"line":82,"column":12},"end":{"line":91,"column":13}}],"line":82}},"s":{"0":1,"1":1,"2":1,"3":1,"4":1,"5":1,"6":1,"7":1,"8":1,"9":1,"10":0,"11":0,"12":0,"13":0,"14":0,"15":8,"16":8,"17":8,"18":8,"19":0,"20":0,"21":0,"22":0,"23":0,"24":8,"25":0,"26":0,"27":0,"28":0,"29":0,"30":0,"31":0,"32":0,"33":0,"34":0,"35":0,"36":0,"37":0,"38":0,"39":0,"40":0,"41":0,"42":0,"43":1},"f":{"0":1,"1":1,"2":0,"3":8,"4":8,"5":0,"6":0,"7":0,"8":0},"b":{"0":[1,0],"1":[0,8],"2":[0,0]},"_coverageSchema":"43e27e138ebf9cfc5966b082cf9a028302ed4184","hash":"83518362cf8300822eb74c5e5363f44d45df110f","contentHash":"4ee9fc3d9735ad56bca7960eac248291526e1b7a041d203f190b86c8b4d8f580"},"/home/admin1/Documents/BLabz_Work-master/fundooApp/backend/service/cacheService.js":{"path":"/home/admin1/Documents/BLabz_Work-master/fundooApp/backend/service/cacheService.js","statementMap":{"0":{"start":{"line":12,"column":14},"end":{"line":12,"column":30}},"1":{"start":{"line":13,"column":15},"end":{"line":13,"column":57}},"2":{"start":{"line":15,"column":0},"end":{"line":17,"column":3}},"3":{"start":{"line":16,"column":4},"end":{"line":16,"column":45}},"4":{"start":{"line":22,"column":8},"end":{"line":33,"column":10}},"5":{"start":{"line":26,"column":12},"end":{"line":32,"column":14}},"6":{"start":{"line":27,"column":16},"end":{"line":31,"column":17}},"7":{"start":{"line":28,"column":20},"end":{"line":28,"column":28}},"8":{"start":{"line":30,"column":20},"end":{"line":30,"column":29}},"9":{"start":{"line":37,"column":0},"end":{"line":37,"column":27}}},"fnMap":{"0":{"name":"(anonymous_0)","decl":{"start":{"line":15,"column":19},"end":{"line":15,"column":20}},"loc":{"start":{"line":15,"column":34},"end":{"line":17,"column":1}},"line":15},"1":{"name":"(anonymous_1)","decl":{"start":{"line":21,"column":4},"end":{"line":21,"column":5}},"loc":{"start":{"line":21,"column":26},"end":{"line":34,"column":5}},"line":21},"2":{"name":"(anonymous_2)","decl":{"start":{"line":22,"column":27},"end":{"line":22,"column":28}},"loc":{"start":{"line":22,"column":41},"end":{"line":33,"column":9}},"line":22},"3":{"name":"(anonymous_3)","decl":{"start":{"line":26,"column":33},"end":{"line":26,"column":34}},"loc":{"start":{"line":26,"column":48},"end":{"line":32,"column":13}},"line":26}},"branchMap":{"0":{"loc":{"start":{"line":27,"column":16},"end":{"line":31,"column":17}},"type":"if","locations":[{"start":{"line":27,"column":16},"end":{"line":31,"column":17}},{"start":{"line":27,"column":16},"end":{"line":31,"column":17}}],"line":27}},"s":{"0":1,"1":1,"2":1,"3":0,"4":9,"5":9,"6":9,"7":0,"8":9,"9":1},"f":{"0":0,"1":9,"2":9,"3":9},"b":{"0":[0,9]},"_coverageSchema":"43e27e138ebf9cfc5966b082cf9a028302ed4184","hash":"2e7e6e242e12a39e511f9b107a44a4dddeef0619","contentHash":"003b78f834c36c957066074556910ba4ecda747f96ced917ed1d1f5797e070d7"},"/home/admin1/Documents/BLabz_Work-master/fundooApp/backend/AWS_service/fileUploader.js":{"path":"/home/admin1/Documents/BLabz_Work-master/fundooApp/backend/AWS_service/fileUploader.js","statementMap":{"0":{"start":{"line":1,"column":12},"end":{"line":1,"column":30}},"1":{"start":{"line":2,"column":15},"end":{"line":2,"column":32}},"2":{"start":{"line":3,"column":17},"end":{"line":3,"column":37}},"3":{"start":{"line":10,"column":0},"end":{"line":14,"column":3}},"4":{"start":{"line":16,"column":9},"end":{"line":16,"column":21}},"5":{"start":{"line":18,"column":19},"end":{"line":24,"column":1}},"6":{"start":{"line":19,"column":4},"end":{"line":23,"column":5}},"7":{"start":{"line":20,"column":8},"end":{"line":20,"column":28}},"8":{"start":{"line":22,"column":8},"end":{"line":22,"column":72}},"9":{"start":{"line":26,"column":13},"end":{"line":36,"column":2}},"10":{"start":{"line":33,"column":12},"end":{"line":33,"column":44}},"11":{"start":{"line":38,"column":0},"end":{"line":38,"column":24}}},"fnMap":{"0":{"name":"(anonymous_0)","decl":{"start":{"line":18,"column":19},"end":{"line":18,"column":20}},"loc":{"start":{"line":18,"column":44},"end":{"line":24,"column":1}},"line":18},"1":{"name":"(anonymous_1)","decl":{"start":{"line":32,"column":13},"end":{"line":32,"column":14}},"loc":{"start":{"line":32,"column":44},"end":{"line":34,"column":9}},"line":32}},"branchMap":{"0":{"loc":{"start":{"line":19,"column":4},"end":{"line":23,"column":5}},"type":"if","locations":[{"start":{"line":19,"column":4},"end":{"line":23,"column":5}},{"start":{"line":19,"column":4},"end":{"line":23,"column":5}}],"line":19},"1":{"loc":{"start":{"line":19,"column":8},"end":{"line":19,"column":71}},"type":"binary-expr","locations":[{"start":{"line":19,"column":8},"end":{"line":19,"column":38}},{"start":{"line":19,"column":42},"end":{"line":19,"column":71}}],"line":19}},"s":{"0":1,"1":1,"2":1,"3":1,"4":1,"5":1,"6":0,"7":0,"8":0,"9":1,"10":0,"11":1},"f":{"0":0,"1":0},"b":{"0":[0,0],"1":[0,0]},"_coverageSchema":"43e27e138ebf9cfc5966b082cf9a028302ed4184","hash":"14a8fcac8682ae0e923a6e5d4562d36d7bb3882b","contentHash":"d914a63bd97c62ff19dca92c114cbd9ad7814678a1ea5def36def69102315ba1"},"/home/admin1/Documents/BLabz_Work-master/fundooApp/backend/authServices/oAuthGoogle.js":{"path":"/home/admin1/Documents/BLabz_Work-master/fundooApp/backend/authServices/oAuthGoogle.js","statementMap":{"0":{"start":{"line":1,"column":17},"end":{"line":1,"column":36}},"1":{"start":{"line":2,"column":23},"end":{"line":2,"column":57}},"2":{"start":{"line":5,"column":0},"end":{"line":13,"column":1}},"3":{"start":{"line":11,"column":4},"end":{"line":11,"column":23}}},"fnMap":{"0":{"name":"(anonymous_0)","decl":{"start":{"line":9,"column":2},"end":{"line":9,"column":3}},"loc":{"start":{"line":9,"column":48},"end":{"line":12,"column":1}},"line":9}},"branchMap":{},"s":{"0":1,"1":1,"2":1,"3":0},"f":{"0":0},"b":{},"_coverageSchema":"43e27e138ebf9cfc5966b082cf9a028302ed4184","hash":"69d2580fa7651a15d2b8d25217038a20cc9154ba","contentHash":"07ed1183dd81a930c3af70c7bc39b57ea27d34dfd0d0d62eb5369efe4595c013"},"/home/admin1/Documents/BLabz_Work-master/fundooApp/backend/authServices/oAuthFacebook.js":{"path":"/home/admin1/Documents/BLabz_Work-master/fundooApp/backend/authServices/oAuthFacebook.js","statementMap":{"0":{"start":{"line":1,"column":17},"end":{"line":1,"column":36}},"1":{"start":{"line":2,"column":25},"end":{"line":2,"column":59}},"2":{"start":{"line":4,"column":0},"end":{"line":11,"column":7}},"3":{"start":{"line":10,"column":8},"end":{"line":10,"column":27}}},"fnMap":{"0":{"name":"(anonymous_0)","decl":{"start":{"line":8,"column":4},"end":{"line":8,"column":5}},"loc":{"start":{"line":8,"column":56},"end":{"line":11,"column":5}},"line":8}},"branchMap":{},"s":{"0":1,"1":1,"2":1,"3":0},"f":{"0":0},"b":{},"_coverageSchema":"43e27e138ebf9cfc5966b082cf9a028302ed4184","hash":"83e560931d16464aa02f3c58b5edfeaa050ca072","contentHash":"e2f72e0fc79f171e466851bd507cfbe5eef945ee7fe5ab9cbafc2c9d93b417a4"},"/home/admin1/Documents/BLabz_Work-master/fundooApp/logger/logger.js":{"path":"/home/admin1/Documents/BLabz_Work-master/fundooApp/logger/logger.js","statementMap":{"0":{"start":{"line":1,"column":16},"end":{"line":1,"column":34}},"1":{"start":{"line":3,"column":14},"end":{"line":20,"column":1}},"2":{"start":{"line":22,"column":15},"end":{"line":30,"column":2}},"3":{"start":{"line":46,"column":0},"end":{"line":46,"column":23}}},"fnMap":{},"branchMap":{},"s":{"0":1,"1":1,"2":1,"3":1},"f":{},"b":{},"_coverageSchema":"43e27e138ebf9cfc5966b082cf9a028302ed4184","hash":"42c2abf6f743e2ab0366ec251e3cdf19d3b5788c","contentHash":"37011bc06767edabc0f86102fb1003c8281ae64a1f125659b0d0d93d18a8e47a"}}