TN:
SF:/home/admin1/Documents/BLabz_Work-master/fundooApp/backend/routes.js
FNF:0
FNH:0
DA:1,1
DA:2,1
DA:3,1
DA:4,1
DA:5,1
DA:6,1
DA:7,1
DA:8,1
DA:9,1
DA:10,1
DA:11,1
DA:23,1
DA:33,1
DA:34,1
DA:35,1
DA:36,1
DA:41,1
DA:47,1
DA:48,1
DA:49,1
DA:60,1
DA:70,1
DA:71,1
DA:75,1
DA:80,1
DA:81,1
DA:82,1
DA:83,1
DA:87,1
DA:92,1
DA:97,1
DA:98,1
DA:99,1
DA:104,1
DA:105,1
DA:110,1
DA:115,1
DA:116,1
DA:118,1
LF:39
LH:39
BRF:0
BRH:0
end_of_record
TN:
SF:/home/admin1/Documents/BLabz_Work-master/fundooApp/backend/server.js
FN:76,(anonymous_0)
FN:80,(anonymous_1)
FN:87,(anonymous_2)
FNF:3
FNH:1
FNDA:0,(anonymous_0)
FNDA:0,(anonymous_1)
FNDA:1,(anonymous_2)
DA:1,1
DA:2,1
DA:3,1
DA:4,1
DA:5,1
DA:6,1
DA:7,1
DA:8,1
DA:9,1
DA:10,1
DA:11,1
DA:13,1
DA:15,1
DA:17,1
DA:18,1
DA:20,1
DA:35,1
DA:36,1
DA:73,1
DA:75,1
DA:76,1
DA:77,0
DA:80,1
DA:81,0
DA:84,1
DA:85,1
DA:87,1
DA:88,1
DA:89,1
DA:93,1
LF:30
LH:28
BRF:0
BRH:0
end_of_record
TN:
SF:/home/admin1/Documents/BLabz_Work-master/fundooApp/backend/AWS_service/fileUploader.js
FN:18,(anonymous_0)
FN:32,(anonymous_1)
FNF:2
FNH:0
FNDA:0,(anonymous_0)
FNDA:0,(anonymous_1)
DA:1,1
DA:2,1
DA:3,1
DA:10,1
DA:16,1
DA:18,1
DA:19,0
DA:20,0
DA:22,0
DA:26,1
DA:33,0
DA:38,1
LF:12
LH:8
BRDA:19,0,0,0
BRDA:19,0,1,0
BRDA:19,1,0,0
BRDA:19,1,1,0
BRF:4
BRH:0
end_of_record
TN:
SF:/home/admin1/Documents/BLabz_Work-master/fundooApp/backend/authServices/oAuthFacebook.js
FN:8,(anonymous_0)
FNF:1
FNH:0
FNDA:0,(anonymous_0)
DA:1,1
DA:2,1
DA:4,1
DA:10,0
LF:4
LH:3
BRF:0
BRH:0
end_of_record
TN:
SF:/home/admin1/Documents/BLabz_Work-master/fundooApp/backend/authServices/oAuthGoogle.js
FN:9,(anonymous_0)
FNF:1
FNH:0
FNDA:0,(anonymous_0)
DA:1,1
DA:2,1
DA:5,1
DA:11,0
LF:4
LH:3
BRF:0
BRH:0
end_of_record
TN:
SF:/home/admin1/Documents/BLabz_Work-master/fundooApp/backend/config/dbconfig.js
FN:5,dbConnection
FN:10,(anonymous_1)
FN:18,(anonymous_2)
FN:22,(anonymous_3)
FN:26,(anonymous_4)
FNF:5
FNH:3
FNDA:1,dbConnection
FNDA:1,(anonymous_1)
FNDA:1,(anonymous_2)
FNDA:0,(anonymous_3)
FNDA:0,(anonymous_4)
DA:1,1
DA:2,1
DA:3,1
DA:5,1
DA:7,1
DA:11,1
DA:12,0
DA:14,1
DA:18,1
DA:19,1
DA:22,1
DA:23,0
DA:26,1
DA:27,0
LF:14
LH:11
BRDA:11,0,0,0
BRDA:11,0,1,1
BRF:2
BRH:1
end_of_record
TN:
SF:/home/admin1/Documents/BLabz_Work-master/fundooApp/backend/controller/cacheController.js
FN:17,(anonymous_0)
FN:21,(anonymous_1)
FN:36,(anonymous_2)
FN:51,(anonymous_3)
FN:54,(anonymous_4)
FN:65,(anonymous_5)
FN:78,(anonymous_6)
FN:81,(anonymous_7)
FN:92,(anonymous_8)
FNF:9
FNH:4
FNDA:1,(anonymous_0)
FNDA:1,(anonymous_1)
FNDA:0,(anonymous_2)
FNDA:8,(anonymous_3)
FNDA:8,(anonymous_4)
FNDA:0,(anonymous_5)
FNDA:0,(anonymous_6)
FNDA:0,(anonymous_7)
FNDA:0,(anonymous_8)
DA:8,1
DA:18,1
DA:19,1
DA:20,1
DA:21,1
DA:25,1
DA:28,1
DA:29,1
DA:31,1
DA:32,1
DA:34,0
DA:37,0
DA:38,0
DA:40,0
DA:41,0
DA:52,8
DA:53,8
DA:54,8
DA:55,8
DA:56,0
DA:57,0
DA:58,0
DA:60,0
DA:61,0
DA:63,8
DA:66,0
DA:67,0
DA:68,0
DA:69,0
DA:79,0
DA:80,0
DA:81,0
DA:82,0
DA:83,0
DA:84,0
DA:85,0
DA:87,0
DA:88,0
DA:90,0
DA:93,0
DA:94,0
DA:95,0
DA:96,0
DA:102,1
LF:44
LH:16
BRDA:25,0,0,1
BRDA:25,0,1,0
BRDA:55,1,0,0
BRDA:55,1,1,8
BRDA:82,2,0,0
BRDA:82,2,1,0
BRF:6
BRH:2
end_of_record
TN:
SF:/home/admin1/Documents/BLabz_Work-master/fundooApp/backend/controller/collaborateController.js
FN:4,(anonymous_0)
FN:11,(anonymous_1)
FN:16,(anonymous_2)
FN:24,(anonymous_3)
FN:30,(anonymous_4)
FN:35,(anonymous_5)
FNF:6
FNH:0
FNDA:0,(anonymous_0)
FNDA:0,(anonymous_1)
FNDA:0,(anonymous_2)
FNDA:0,(anonymous_3)
FNDA:0,(anonymous_4)
FNDA:0,(anonymous_5)
DA:1,1
DA:5,0
DA:6,0
DA:11,0
DA:12,0
DA:13,0
DA:14,0
DA:15,0
DA:17,0
DA:18,0
DA:19,0
DA:20,0
DA:25,0
DA:26,0
DA:30,0
DA:31,0
DA:32,0
DA:33,0
DA:34,0
DA:36,0
DA:37,0
DA:38,0
DA:39,0
DA:44,1
LF:24
LH:2
BRF:0
BRH:0
end_of_record
TN:
SF:/home/admin1/Documents/BLabz_Work-master/fundooApp/backend/controller/labelController.js
FN:4,(anonymous_0)
FN:12,(anonymous_1)
FN:17,(anonymous_2)
FN:31,(anonymous_3)
FN:37,(anonymous_4)
FN:42,(anonymous_5)
FN:56,(anonymous_6)
FN:62,(anonymous_7)
FN:67,(anonymous_8)
FN:81,(anonymous_9)
FN:88,(anonymous_10)
FN:95,(anonymous_11)
FNF:12
FNH:0
FNDA:0,(anonymous_0)
FNDA:0,(anonymous_1)
FNDA:0,(anonymous_2)
FNDA:0,(anonymous_3)
FNDA:0,(anonymous_4)
FNDA:0,(anonymous_5)
FNDA:0,(anonymous_6)
FNDA:0,(anonymous_7)
FNDA:0,(anonymous_8)
FNDA:0,(anonymous_9)
FNDA:0,(anonymous_10)
FNDA:0,(anonymous_11)
DA:1,1
DA:5,0
DA:6,0
DA:7,0
DA:12,0
DA:13,0
DA:14,0
DA:15,0
DA:16,0
DA:18,0
DA:19,0
DA:20,0
DA:21,0
DA:24,0
DA:25,0
DA:26,0
DA:27,0
DA:32,0
DA:33,0
DA:34,0
DA:37,0
DA:38,0
DA:39,0
DA:40,0
DA:41,0
DA:43,0
DA:44,0
DA:45,0
DA:46,0
DA:49,0
DA:50,0
DA:51,0
DA:52,0
DA:57,0
DA:58,0
DA:59,0
DA:62,0
DA:63,0
DA:64,0
DA:65,0
DA:66,0
DA:68,0
DA:69,0
DA:70,0
DA:71,0
DA:74,0
DA:75,0
DA:76,0
DA:77,0
DA:82,0
DA:83,0
DA:84,0
DA:88,0
DA:89,0
DA:91,0
DA:92,0
DA:93,0
DA:94,0
DA:96,0
DA:97,0
DA:98,0
DA:99,0
DA:102,0
DA:103,0
DA:104,0
DA:105,0
DA:110,1
LF:67
LH:2
BRF:0
BRH:0
end_of_record
TN:
SF:/home/admin1/Documents/BLabz_Work-master/fundooApp/backend/controller/noteController.js
FN:4,(anonymous_0)
FN:14,(anonymous_1)
FN:19,(anonymous_2)
FN:33,(anonymous_3)
FN:39,(anonymous_4)
FN:44,(anonymous_5)
FN:58,(anonymous_6)
FN:67,(anonymous_7)
FN:72,(anonymous_8)
FN:86,(anonymous_9)
FN:89,(anonymous_10)
FN:94,(anonymous_11)
FN:108,(anonymous_12)
FN:114,(anonymous_13)
FN:119,(anonymous_14)
FN:133,(anonymous_15)
FN:136,(anonymous_16)
FN:141,(anonymous_17)
FN:155,(anonymous_18)
FN:158,(anonymous_19)
FN:163,(anonymous_20)
FN:177,(anonymous_21)
FN:186,(anonymous_22)
FN:193,(anonymous_23)
FN:211,(anonymous_24)
FN:218,(anonymous_25)
FN:223,(anonymous_26)
FN:237,(anonymous_27)
FN:247,(anonymous_28)
FN:252,(anonymous_29)
FN:270,(anonymous_30)
FN:277,(anonymous_31)
FN:282,(anonymous_32)
FN:296,(anonymous_33)
FN:299,(anonymous_34)
FN:304,(anonymous_35)
FNF:36
FNH:7
FNDA:2,(anonymous_0)
FNDA:2,(anonymous_1)
FNDA:0,(anonymous_2)
FNDA:0,(anonymous_3)
FNDA:0,(anonymous_4)
FNDA:0,(anonymous_5)
FNDA:2,(anonymous_6)
FNDA:1,(anonymous_7)
FNDA:1,(anonymous_8)
FNDA:1,(anonymous_9)
FNDA:1,(anonymous_10)
FNDA:0,(anonymous_11)
FNDA:0,(anonymous_12)
FNDA:0,(anonymous_13)
FNDA:0,(anonymous_14)
FNDA:0,(anonymous_15)
FNDA:0,(anonymous_16)
FNDA:0,(anonymous_17)
FNDA:0,(anonymous_18)
FNDA:0,(anonymous_19)
FNDA:0,(anonymous_20)
FNDA:0,(anonymous_21)
FNDA:0,(anonymous_22)
FNDA:0,(anonymous_23)
FNDA:0,(anonymous_24)
FNDA:0,(anonymous_25)
FNDA:0,(anonymous_26)
FNDA:0,(anonymous_27)
FNDA:0,(anonymous_28)
FNDA:0,(anonymous_29)
FNDA:0,(anonymous_30)
FNDA:0,(anonymous_31)
FNDA:0,(anonymous_32)
FNDA:0,(anonymous_33)
FNDA:0,(anonymous_34)
FNDA:0,(anonymous_35)
DA:1,1
DA:5,2
DA:6,2
DA:8,2
DA:14,2
DA:15,2
DA:16,2
DA:17,2
DA:18,2
DA:20,0
DA:21,0
DA:22,0
DA:23,0
DA:26,0
DA:27,0
DA:28,0
DA:29,0
DA:34,0
DA:35,0
DA:36,0
DA:39,0
DA:40,0
DA:41,0
DA:42,0
DA:43,0
DA:45,0
DA:46,0
DA:47,0
DA:48,0
DA:51,0
DA:52,0
DA:53,0
DA:54,0
DA:59,2
DA:60,2
DA:61,2
DA:62,2
DA:67,2
DA:68,1
DA:69,1
DA:70,1
DA:71,1
DA:73,1
DA:74,1
DA:75,1
DA:76,1
DA:79,0
DA:80,0
DA:81,0
DA:82,0
DA:87,1
DA:88,1
DA:89,1
DA:90,1
DA:91,1
DA:92,1
DA:93,1
DA:95,0
DA:96,0
DA:97,0
DA:98,0
DA:101,0
DA:102,0
DA:103,0
DA:104,0
DA:109,0
DA:110,0
DA:111,0
DA:114,0
DA:115,0
DA:116,0
DA:117,0
DA:118,0
DA:120,0
DA:121,0
DA:122,0
DA:123,0
DA:126,0
DA:127,0
DA:128,0
DA:129,0
DA:134,0
DA:135,0
DA:136,0
DA:137,0
DA:138,0
DA:139,0
DA:140,0
DA:142,0
DA:143,0
DA:144,0
DA:145,0
DA:148,0
DA:149,0
DA:150,0
DA:151,0
DA:156,0
DA:157,0
DA:158,0
DA:159,0
DA:160,0
DA:161,0
DA:162,0
DA:164,0
DA:165,0
DA:166,0
DA:167,0
DA:170,0
DA:171,0
DA:172,0
DA:173,0
DA:178,0
DA:179,0
DA:180,0
DA:186,0
DA:189,0
DA:190,0
DA:191,0
DA:192,0
DA:196,0
DA:197,0
DA:198,0
DA:199,0
DA:204,0
DA:205,0
DA:206,0
DA:207,0
DA:212,0
DA:213,0
DA:214,0
DA:218,0
DA:219,0
DA:220,0
DA:221,0
DA:222,0
DA:224,0
DA:225,0
DA:226,0
DA:227,0
DA:230,0
DA:231,0
DA:232,0
DA:233,0
DA:238,0
DA:239,0
DA:240,0
DA:242,0
DA:246,0
DA:247,0
DA:248,0
DA:249,0
DA:250,0
DA:251,0
DA:253,0
DA:254,0
DA:255,0
DA:256,0
DA:259,0
DA:263,0
DA:264,0
DA:265,0
DA:266,0
DA:271,0
DA:272,0
DA:273,0
DA:277,0
DA:278,0
DA:279,0
DA:280,0
DA:281,0
DA:283,0
DA:284,0
DA:285,0
DA:286,0
DA:289,0
DA:290,0
DA:291,0
DA:292,0
DA:297,0
DA:298,0
DA:299,0
DA:300,0
DA:301,0
DA:302,0
DA:303,0
DA:305,0
DA:306,0
DA:307,0
DA:310,0
DA:311,0
DA:312,0
DA:313,0
DA:319,1
LF:193
LH:30
BRDA:242,0,0,0
BRDA:242,0,1,0
BRDA:243,1,0,0
BRDA:243,1,1,0
BRDA:244,2,0,0
BRDA:244,2,1,0
BRDA:246,3,0,0
BRDA:246,3,1,0
BRF:8
BRH:0
end_of_record
TN:
SF:/home/admin1/Documents/BLabz_Work-master/fundooApp/backend/controller/oAuthController.js
FN:5,(anonymous_0)
FN:19,(anonymous_1)
FN:24,(anonymous_2)
FN:35,(anonymous_3)
FN:49,(anonymous_4)
FN:54,(anonymous_5)
FNF:6
FNH:0
FNDA:0,(anonymous_0)
FNDA:0,(anonymous_1)
FNDA:0,(anonymous_2)
FNDA:0,(anonymous_3)
FNDA:0,(anonymous_4)
FNDA:0,(anonymous_5)
DA:1,1
DA:6,0
DA:9,0
DA:10,0
DA:19,0
DA:20,0
DA:21,0
DA:22,0
DA:23,0
DA:25,0
DA:26,0
DA:27,0
DA:28,0
DA:31,0
DA:36,0
DA:39,0
DA:40,0
DA:49,0
DA:50,0
DA:51,0
DA:52,0
DA:53,0
DA:55,0
DA:56,0
DA:57,0
DA:58,0
DA:61,0
DA:66,1
LF:28
LH:2
BRF:0
BRH:0
end_of_record
TN:
SF:/home/admin1/Documents/BLabz_Work-master/fundooApp/backend/controller/userController.js
FN:8,(anonymous_0)
FN:41,(anonymous_1)
FN:46,(anonymous_2)
FN:55,(anonymous_3)
FN:89,(anonymous_4)
FN:93,(anonymous_5)
FN:95,(anonymous_6)
FN:100,(anonymous_7)
FN:117,(anonymous_8)
FN:123,(anonymous_9)
FN:140,(anonymous_10)
FN:147,(anonymous_11)
FN:156,(anonymous_12)
FN:171,(anonymous_13)
FN:173,(anonymous_14)
FNF:15
FNH:7
FNDA:10,(anonymous_0)
FNDA:0,(anonymous_1)
FNDA:2,(anonymous_2)
FNDA:8,(anonymous_3)
FNDA:5,(anonymous_4)
FNDA:2,(anonymous_5)
FNDA:3,(anonymous_6)
FNDA:0,(anonymous_7)
FNDA:0,(anonymous_8)
FNDA:0,(anonymous_9)
FNDA:0,(anonymous_10)
FNDA:0,(anonymous_11)
FNDA:1,(anonymous_12)
FNDA:0,(anonymous_13)
FNDA:0,(anonymous_14)
DA:1,1
DA:5,1
DA:9,10
DA:10,10
DA:14,10
DA:16,10
DA:18,10
DA:20,10
DA:22,10
DA:24,10
DA:27,10
DA:28,8
DA:29,8
DA:30,8
DA:32,2
DA:41,2
DA:42,0
DA:43,0
DA:44,0
DA:45,0
DA:47,2
DA:51,0
DA:56,8
DA:57,8
DA:58,8
DA:62,8
DA:65,8
DA:66,7
DA:67,7
DA:68,7
DA:70,1
DA:74,1
DA:76,0
DA:77,0
DA:79,0
DA:85,1
DA:90,5
DA:93,5
DA:94,2
DA:96,3
DA:101,0
DA:102,0
DA:103,0
DA:105,0
DA:107,0
DA:108,0
DA:109,0
DA:110,0
DA:111,0
DA:113,0
DA:117,0
DA:118,0
DA:119,0
DA:120,0
DA:121,0
DA:124,0
DA:125,0
DA:126,0
DA:127,0
DA:132,0
DA:133,0
DA:134,0
DA:135,0
DA:141,0
DA:146,0
DA:147,0
DA:148,0
DA:149,0
DA:151,0
DA:157,1
DA:159,1
DA:160,1
DA:161,0
DA:162,1
DA:163,0
DA:165,0
DA:169,0
DA:171,0
DA:172,0
DA:174,0
DA:177,1
DA:183,1
LF:82
LH:38
BRDA:27,0,0,8
BRDA:27,0,1,2
BRDA:65,1,0,7
BRDA:65,1,1,1
BRDA:76,2,0,0
BRDA:76,2,1,0
BRDA:107,3,0,0
BRDA:107,3,1,0
BRDA:148,4,0,0
BRDA:148,4,1,0
BRDA:160,5,0,0
BRDA:160,5,1,1
BRDA:162,6,0,0
BRDA:162,6,1,0
BRF:14
BRH:5
end_of_record
TN:
SF:/home/admin1/Documents/BLabz_Work-master/fundooApp/backend/middleware/authentication.js
FN:5,(anonymous_0)
FN:9,(anonymous_1)
FNF:2
FNH:2
FNDA:19,(anonymous_0)
FNDA:8,(anonymous_1)
DA:1,1
DA:3,1
DA:5,1
DA:7,19
DA:8,19
DA:9,8
DA:10,8
DA:11,1
DA:19,7
DA:21,7
DA:22,7
DA:23,7
DA:25,7
DA:29,11
DA:41,1
LF:15
LH:15
BRDA:8,0,0,8
BRDA:8,0,1,11
BRDA:10,1,0,1
BRDA:10,1,1,7
BRF:4
BRH:4
end_of_record
TN:
SF:/home/admin1/Documents/BLabz_Work-master/fundooApp/backend/middleware/bcrypt.js
FN:3,(anonymous_0)
FNF:1
FNH:1
FNDA:2,(anonymous_0)
DA:1,1
DA:3,1
DA:4,2
DA:5,2
DA:8,1
LF:5
LH:5
BRF:0
BRH:0
end_of_record
TN:
SF:/home/admin1/Documents/BLabz_Work-master/fundooApp/backend/middleware/mailer.js
FN:8,(anonymous_0)
FN:25,(anonymous_1)
FN:27,(anonymous_2)
FNF:3
FNH:1
FNDA:2,(anonymous_0)
FNDA:0,(anonymous_1)
FNDA:0,(anonymous_2)
DA:1,1
DA:2,1
DA:3,1
DA:4,1
DA:7,1
DA:9,2
DA:16,2
DA:23,2
DA:25,1
DA:26,0
DA:28,0
DA:30,0
LF:12
LH:9
BRF:0
BRH:0
end_of_record
TN:
SF:/home/admin1/Documents/BLabz_Work-master/fundooApp/backend/middleware/token.js
FN:5,(anonymous_0)
FNF:1
FNH:1
FNDA:2,(anonymous_0)
DA:1,1
DA:2,1
DA:4,1
DA:6,2
LF:4
LH:4
BRF:0
BRH:0
end_of_record
TN:
SF:/home/admin1/Documents/BLabz_Work-master/fundooApp/backend/model/collaborateModel.js
FN:33,(anonymous_0)
FN:34,(anonymous_1)
FN:40,(anonymous_2)
FN:50,(anonymous_3)
FN:51,(anonymous_4)
FN:52,(anonymous_5)
FN:54,(anonymous_6)
FNF:7
FNH:0
FNDA:0,(anonymous_0)
FNDA:0,(anonymous_1)
FNDA:0,(anonymous_2)
FNDA:0,(anonymous_3)
FNDA:0,(anonymous_4)
FNDA:0,(anonymous_5)
FNDA:0,(anonymous_6)
DA:9,1
DA:11,1
DA:29,1
DA:34,0
DA:35,0
DA:40,0
DA:41,0
DA:42,0
DA:44,0
DA:51,0
DA:52,0
DA:53,0
DA:55,0
DA:61,1
LF:14
LH:4
BRDA:41,0,0,0
BRDA:41,0,1,0
BRF:2
BRH:0
end_of_record
TN:
SF:/home/admin1/Documents/BLabz_Work-master/fundooApp/backend/model/labelModel.js
FN:32,(anonymous_0)
FN:34,(anonymous_1)
FN:41,(anonymous_2)
FN:54,(anonymous_3)
FN:56,(anonymous_4)
FN:57,(anonymous_5)
FN:59,(anonymous_6)
FN:68,(anonymous_7)
FN:70,(anonymous_8)
FN:71,(anonymous_9)
FN:73,(anonymous_10)
FN:82,(anonymous_11)
FN:84,(anonymous_12)
FN:85,(anonymous_13)
FN:89,(anonymous_14)
FNF:15
FNH:0
FNDA:0,(anonymous_0)
FNDA:0,(anonymous_1)
FNDA:0,(anonymous_2)
FNDA:0,(anonymous_3)
FNDA:0,(anonymous_4)
FNDA:0,(anonymous_5)
FNDA:0,(anonymous_6)
FNDA:0,(anonymous_7)
FNDA:0,(anonymous_8)
FNDA:0,(anonymous_9)
FNDA:0,(anonymous_10)
FNDA:0,(anonymous_11)
FNDA:0,(anonymous_12)
FNDA:0,(anonymous_13)
FNDA:0,(anonymous_14)
DA:9,1
DA:11,1
DA:29,1
DA:33,0
DA:34,0
DA:35,0
DA:41,0
DA:42,0
DA:43,0
DA:45,0
DA:50,0
DA:55,0
DA:56,0
DA:57,0
DA:58,0
DA:60,0
DA:64,0
DA:69,0
DA:70,0
DA:71,0
DA:72,0
DA:74,0
DA:78,0
DA:83,0
DA:84,0
DA:85,0
DA:86,0
DA:88,0
DA:90,0
DA:94,0
DA:99,1
LF:31
LH:4
BRDA:42,0,0,0
BRDA:42,0,1,0
BRF:2
BRH:0
end_of_record
TN:
SF:/home/admin1/Documents/BLabz_Work-master/fundooApp/backend/model/noteModel.js
FN:60,(anonymous_0)
FN:62,(anonymous_1)
FN:76,(anonymous_2)
FN:89,(anonymous_3)
FN:91,(anonymous_4)
FN:94,(anonymous_5)
FN:98,(anonymous_6)
FN:110,(anonymous_7)
FN:112,(anonymous_8)
FN:113,(anonymous_9)
FN:115,(anonymous_10)
FN:124,(anonymous_11)
FN:126,(anonymous_12)
FN:127,(anonymous_13)
FN:129,(anonymous_14)
FN:138,(anonymous_15)
FN:140,(anonymous_16)
FN:141,(anonymous_17)
FN:143,(anonymous_18)
FN:152,(anonymous_19)
FN:154,(anonymous_20)
FN:155,(anonymous_21)
FN:157,(anonymous_22)
FNF:23
FNH:9
FNDA:2,(anonymous_0)
FNDA:2,(anonymous_1)
FNDA:2,(anonymous_2)
FNDA:7,(anonymous_3)
FNDA:7,(anonymous_4)
FNDA:7,(anonymous_5)
FNDA:0,(anonymous_6)
FNDA:0,(anonymous_7)
FNDA:0,(anonymous_8)
FNDA:0,(anonymous_9)
FNDA:0,(anonymous_10)
FNDA:3,(anonymous_11)
FNDA:3,(anonymous_12)
FNDA:3,(anonymous_13)
FNDA:0,(anonymous_14)
FNDA:0,(anonymous_15)
FNDA:0,(anonymous_16)
FNDA:0,(anonymous_17)
FNDA:0,(anonymous_18)
FNDA:0,(anonymous_19)
FNDA:0,(anonymous_20)
FNDA:0,(anonymous_21)
FNDA:0,(anonymous_22)
DA:9,1
DA:13,1
DA:56,1
DA:61,2
DA:62,2
DA:63,2
DA:76,2
DA:77,2
DA:78,0
DA:80,2
DA:85,0
DA:90,7
DA:91,7
DA:94,7
DA:95,7
DA:97,7
DA:99,0
DA:101,0
DA:105,0
DA:111,0
DA:112,0
DA:113,0
DA:114,0
DA:116,0
DA:120,0
DA:125,3
DA:126,3
DA:127,3
DA:128,3
DA:130,0
DA:134,0
DA:139,0
DA:140,0
DA:141,0
DA:142,0
DA:144,0
DA:148,0
DA:153,0
DA:154,0
DA:155,0
DA:156,0
DA:158,0
DA:162,0
DA:167,1
LF:44
LH:19
BRDA:77,0,0,0
BRDA:77,0,1,2
BRF:2
BRH:1
end_of_record
TN:
SF:/home/admin1/Documents/BLabz_Work-master/fundooApp/backend/model/userModel.js
FN:60,(anonymous_0)
FN:63,(anonymous_1)
FN:64,(anonymous_2)
FN:80,(anonymous_3)
FN:94,(anonymous_4)
FN:100,(anonymous_5)
FN:107,(anonymous_6)
FN:122,(anonymous_7)
FN:123,(anonymous_8)
FN:124,(anonymous_9)
FN:126,(anonymous_10)
FN:133,(anonymous_11)
FN:135,(anonymous_12)
FN:136,(anonymous_13)
FN:139,(anonymous_14)
FN:155,(anonymous_15)
FN:158,(anonymous_16)
FN:163,(anonymous_17)
FNF:18
FNH:8
FNDA:2,(anonymous_0)
FNDA:2,(anonymous_1)
FNDA:2,(anonymous_2)
FNDA:0,(anonymous_3)
FNDA:0,(anonymous_4)
FNDA:1,(anonymous_5)
FNDA:1,(anonymous_6)
FNDA:5,(anonymous_7)
FNDA:5,(anonymous_8)
FNDA:5,(anonymous_9)
FNDA:0,(anonymous_10)
FNDA:0,(anonymous_11)
FNDA:0,(anonymous_12)
FNDA:0,(anonymous_13)
FNDA:0,(anonymous_14)
FNDA:0,(anonymous_15)
FNDA:0,(anonymous_16)
FNDA:0,(anonymous_17)
DA:1,1
DA:2,1
DA:6,1
DA:57,1
DA:61,2
DA:63,2
DA:64,2
DA:65,2
DA:67,2
DA:68,0
DA:79,0
DA:80,0
DA:81,0
DA:82,0
DA:84,0
DA:86,0
DA:89,2
DA:90,2
DA:92,0
DA:95,0
DA:100,1
DA:101,1
DA:104,1
DA:105,1
DA:107,1
DA:108,1
DA:109,0
DA:110,1
DA:112,1
DA:114,0
DA:118,0
DA:123,5
DA:124,5
DA:125,5
DA:127,0
DA:135,0
DA:136,0
DA:137,0
DA:138,0
DA:140,0
DA:156,0
DA:158,0
DA:159,0
DA:160,0
DA:163,0
DA:164,0
DA:165,0
DA:167,0
DA:177,1
LF:49
LH:23
BRDA:67,0,0,0
BRDA:67,0,1,2
BRDA:81,1,0,0
BRDA:81,1,1,0
BRDA:89,2,0,2
BRDA:89,2,1,0
BRDA:108,3,0,0
BRDA:108,3,1,1
BRDA:110,4,0,1
BRDA:110,4,1,0
BRDA:110,5,0,1
BRDA:110,5,1,0
BRDA:110,5,2,0
BRDA:159,6,0,0
BRDA:159,6,1,0
BRDA:164,7,0,0
BRDA:164,7,1,0
BRF:17
BRH:5
end_of_record
TN:
SF:/home/admin1/Documents/BLabz_Work-master/fundooApp/backend/service/cacheService.js
FN:15,(anonymous_0)
FN:21,(anonymous_1)
FN:22,(anonymous_2)
FN:26,(anonymous_3)
FNF:4
FNH:3
FNDA:0,(anonymous_0)
FNDA:9,(anonymous_1)
FNDA:9,(anonymous_2)
FNDA:9,(anonymous_3)
DA:12,1
DA:13,1
DA:15,1
DA:16,0
DA:22,9
DA:26,9
DA:27,9
DA:28,0
DA:30,9
DA:37,1
LF:10
LH:8
BRDA:27,0,0,0
BRDA:27,0,1,9
BRF:2
BRH:1
end_of_record
TN:
SF:/home/admin1/Documents/BLabz_Work-master/fundooApp/backend/service/collaborateService.js
FN:5,(anonymous_0)
FN:6,(anonymous_1)
FN:7,(anonymous_2)
FN:9,(anonymous_3)
FN:15,(anonymous_4)
FN:16,(anonymous_5)
FN:18,(anonymous_6)
FN:20,(anonymous_7)
FNF:8
FNH:0
FNDA:0,(anonymous_0)
FNDA:0,(anonymous_1)
FNDA:0,(anonymous_2)
FNDA:0,(anonymous_3)
FNDA:0,(anonymous_4)
FNDA:0,(anonymous_5)
FNDA:0,(anonymous_6)
FNDA:0,(anonymous_7)
DA:1,1
DA:6,0
DA:7,0
DA:8,0
DA:10,0
DA:16,0
DA:17,0
DA:18,0
DA:19,0
DA:21,0
DA:28,1
LF:11
LH:2
BRF:0
BRH:0
end_of_record
TN:
SF:/home/admin1/Documents/BLabz_Work-master/fundooApp/backend/service/labelService.js
FN:5,(anonymous_0)
FN:7,(anonymous_1)
FN:8,(anonymous_2)
FN:10,(anonymous_3)
FN:19,(anonymous_4)
FN:21,(anonymous_5)
FN:23,(anonymous_6)
FN:25,(anonymous_7)
FN:34,(anonymous_8)
FN:36,(anonymous_9)
FN:38,(anonymous_10)
FN:47,(anonymous_11)
FN:56,(anonymous_12)
FN:58,(anonymous_13)
FN:61,(anonymous_14)
FN:64,(anonymous_15)
FNF:16
FNH:0
FNDA:0,(anonymous_0)
FNDA:0,(anonymous_1)
FNDA:0,(anonymous_2)
FNDA:0,(anonymous_3)
FNDA:0,(anonymous_4)
FNDA:0,(anonymous_5)
FNDA:0,(anonymous_6)
FNDA:0,(anonymous_7)
FNDA:0,(anonymous_8)
FNDA:0,(anonymous_9)
FNDA:0,(anonymous_10)
FNDA:0,(anonymous_11)
FNDA:0,(anonymous_12)
FNDA:0,(anonymous_13)
FNDA:0,(anonymous_14)
FNDA:0,(anonymous_15)
DA:1,1
DA:2,1
DA:6,0
DA:7,0
DA:8,0
DA:9,0
DA:11,0
DA:15,0
DA:20,0
DA:21,0
DA:22,0
DA:23,0
DA:24,0
DA:26,0
DA:30,0
DA:35,0
DA:36,0
DA:37,0
DA:38,0
DA:39,0
DA:43,0
DA:45,0
DA:46,0
DA:48,0
DA:52,0
DA:57,0
DA:58,0
DA:59,0
DA:60,0
DA:61,0
DA:62,0
DA:63,0
DA:65,0
DA:69,0
DA:74,1
LF:35
LH:3
BRF:0
BRH:0
end_of_record
TN:
SF:/home/admin1/Documents/BLabz_Work-master/fundooApp/backend/service/noteService.js
FN:7,(anonymous_0)
FN:12,(anonymous_1)
FN:14,(anonymous_2)
FN:15,(anonymous_3)
FN:21,(anonymous_4)
FN:30,(anonymous_5)
FN:32,(anonymous_6)
FN:34,(anonymous_7)
FN:38,(anonymous_8)
FN:47,(anonymous_9)
FN:49,(anonymous_10)
FN:52,(anonymous_11)
FN:62,(anonymous_12)
FN:71,(anonymous_13)
FN:73,(anonymous_14)
FN:74,(anonymous_15)
FN:78,(anonymous_16)
FN:87,(anonymous_17)
FN:89,(anonymous_18)
FN:93,(anonymous_19)
FN:106,(anonymous_20)
FN:114,(anonymous_21)
FN:117,(anonymous_22)
FN:126,(anonymous_23)
FN:128,(anonymous_24)
FN:130,(anonymous_25)
FN:132,(anonymous_26)
FN:142,(anonymous_27)
FN:144,(anonymous_28)
FN:146,(anonymous_29)
FN:148,(anonymous_30)
FN:157,(anonymous_31)
FN:159,(anonymous_32)
FN:162,(anonymous_33)
FN:164,(anonymous_34)
FN:173,(anonymous_35)
FN:175,(anonymous_36)
FN:184,(anonymous_37)
FN:187,(anonymous_38)
FN:189,(anonymous_39)
FN:197,(anonymous_40)
FN:202,(anonymous_41)
FN:206,(anonymous_42)
FN:209,(anonymous_43)
FN:220,(anonymous_44)
FN:222,(anonymous_45)
FN:226,(anonymous_46)
FN:229,(anonymous_47)
FN:236,(anonymous_48)
FN:238,(anonymous_49)
FN:241,(anonymous_50)
FN:243,(anonymous_51)
FN:252,(anonymous_52)
FN:254,(anonymous_53)
FN:272,(anonymous_54)
FN:275,(anonymous_55)
FNF:56
FNH:17
FNDA:0,(anonymous_0)
FNDA:2,(anonymous_1)
FNDA:2,(anonymous_2)
FNDA:2,(anonymous_3)
FNDA:0,(anonymous_4)
FNDA:3,(anonymous_5)
FNDA:3,(anonymous_6)
FNDA:3,(anonymous_7)
FNDA:0,(anonymous_8)
FNDA:2,(anonymous_9)
FNDA:2,(anonymous_10)
FNDA:2,(anonymous_11)
FNDA:1,(anonymous_12)
FNDA:3,(anonymous_13)
FNDA:3,(anonymous_14)
FNDA:3,(anonymous_15)
FNDA:0,(anonymous_16)
FNDA:1,(anonymous_17)
FNDA:1,(anonymous_18)
FNDA:1,(anonymous_19)
FNDA:1,(anonymous_20)
FNDA:0,(anonymous_21)
FNDA:0,(anonymous_22)
FNDA:0,(anonymous_23)
FNDA:0,(anonymous_24)
FNDA:0,(anonymous_25)
FNDA:0,(anonymous_26)
FNDA:0,(anonymous_27)
FNDA:0,(anonymous_28)
FNDA:0,(anonymous_29)
FNDA:0,(anonymous_30)
FNDA:0,(anonymous_31)
FNDA:0,(anonymous_32)
FNDA:0,(anonymous_33)
FNDA:0,(anonymous_34)
FNDA:0,(anonymous_35)
FNDA:0,(anonymous_36)
FNDA:0,(anonymous_37)
FNDA:0,(anonymous_38)
FNDA:0,(anonymous_39)
FNDA:0,(anonymous_40)
FNDA:0,(anonymous_41)
FNDA:0,(anonymous_42)
FNDA:0,(anonymous_43)
FNDA:0,(anonymous_44)
FNDA:0,(anonymous_45)
FNDA:0,(anonymous_46)
FNDA:0,(anonymous_47)
FNDA:0,(anonymous_48)
FNDA:0,(anonymous_49)
FNDA:0,(anonymous_50)
FNDA:0,(anonymous_51)
FNDA:0,(anonymous_52)
FNDA:0,(anonymous_53)
FNDA:0,(anonymous_54)
FNDA:0,(anonymous_55)
DA:1,1
DA:2,1
DA:4,1
DA:5,1
DA:7,1
DA:8,0
DA:13,2
DA:14,2
DA:15,2
DA:16,2
DA:19,2
DA:20,2
DA:22,0
DA:26,0
DA:31,3
DA:32,3
DA:33,3
DA:34,3
DA:35,3
DA:36,3
DA:37,3
DA:39,0
DA:43,0
DA:48,2
DA:49,2
DA:50,2
DA:51,2
DA:52,2
DA:53,2
DA:54,1
DA:57,1
DA:58,1
DA:59,1
DA:60,1
DA:61,1
DA:63,1
DA:67,0
DA:72,3
DA:73,3
DA:74,3
DA:75,3
DA:76,3
DA:77,3
DA:79,0
DA:83,0
DA:88,1
DA:89,1
DA:90,1
DA:92,1
DA:93,1
DA:94,1
DA:96,1
DA:104,1
DA:106,1
DA:107,1
DA:108,1
DA:109,1
DA:110,1
DA:111,1
DA:112,1
DA:113,1
DA:115,0
DA:118,0
DA:122,0
DA:127,0
DA:128,0
DA:129,0
DA:130,0
DA:131,0
DA:133,0
DA:137,0
DA:143,0
DA:144,0
DA:145,0
DA:146,0
DA:147,0
DA:149,0
DA:153,0
DA:158,0
DA:159,0
DA:160,0
DA:161,0
DA:162,0
DA:163,0
DA:165,0
DA:169,0
DA:174,0
DA:175,0
DA:176,0
DA:177,0
DA:184,0
DA:185,0
DA:186,0
DA:187,0
DA:188,0
DA:190,0
DA:194,0
DA:197,0
DA:198,0
DA:200,0
DA:201,0
DA:202,0
DA:203,0
DA:205,0
DA:207,0
DA:210,0
DA:216,0
DA:221,0
DA:222,0
DA:224,0
DA:225,0
DA:226,0
DA:227,0
DA:228,0
DA:229,0
DA:232,0
DA:237,0
DA:238,0
DA:239,0
DA:240,0
DA:241,0
DA:242,0
DA:244,0
DA:248,0
DA:253,0
DA:254,0
DA:255,0
DA:256,0
DA:258,0
DA:270,0
DA:272,0
DA:273,0
DA:274,0
DA:276,0
DA:280,0
DA:285,1
LF:136
LH:54
BRDA:97,0,0,1
BRDA:97,0,1,0
BRDA:98,1,0,0
BRDA:98,1,1,1
BRDA:99,2,0,1
BRDA:99,2,1,0
BRDA:100,3,0,0
BRDA:100,3,1,1
BRDA:101,4,0,0
BRDA:101,4,1,1
BRDA:102,5,0,0
BRDA:102,5,1,1
BRDA:176,6,0,0
BRDA:176,6,1,0
BRDA:224,7,0,0
BRDA:224,7,1,0
BRF:16
BRH:6
end_of_record
TN:
SF:/home/admin1/Documents/BLabz_Work-master/fundooApp/backend/service/oAuthService.js
FN:5,(anonymous_0)
FN:6,(anonymous_1)
FN:7,(anonymous_2)
FN:14,(anonymous_3)
FN:20,(anonymous_4)
FN:23,(anonymous_5)
FN:24,(anonymous_6)
FN:31,(anonymous_7)
FNF:8
FNH:0
FNDA:0,(anonymous_0)
FNDA:0,(anonymous_1)
FNDA:0,(anonymous_2)
FNDA:0,(anonymous_3)
FNDA:0,(anonymous_4)
FNDA:0,(anonymous_5)
FNDA:0,(anonymous_6)
FNDA:0,(anonymous_7)
DA:1,1
DA:2,1
DA:6,0
DA:7,0
DA:8,0
DA:12,0
DA:13,0
DA:15,0
DA:23,0
DA:24,0
DA:25,0
DA:29,0
DA:30,0
DA:32,0
DA:38,1
LF:15
LH:3
BRF:0
BRH:0
end_of_record
TN:
SF:/home/admin1/Documents/BLabz_Work-master/fundooApp/backend/service/userService.js
FN:9,(anonymous_0)
FN:15,(anonymous_1)
FN:16,(anonymous_2)
FN:17,(anonymous_3)
FN:31,(anonymous_4)
FN:37,(anonymous_5)
FN:41,(anonymous_6)
FN:45,(anonymous_7)
FN:68,(anonymous_8)
FN:69,(anonymous_9)
FN:70,(anonymous_10)
FN:79,(anonymous_11)
FN:86,(anonymous_12)
FN:87,(anonymous_13)
FN:89,(anonymous_14)
FN:91,(anonymous_15)
FN:98,(anonymous_16)
FN:99,(anonymous_17)
FN:108,(anonymous_18)
FN:109,(anonymous_19)
FN:111,(anonymous_20)
FN:113,(anonymous_21)
FNF:22
FNH:10
FNDA:0,(anonymous_0)
FNDA:2,(anonymous_1)
FNDA:2,(anonymous_2)
FNDA:0,(anonymous_3)
FNDA:2,(anonymous_4)
FNDA:1,(anonymous_5)
FNDA:1,(anonymous_6)
FNDA:1,(anonymous_7)
FNDA:5,(anonymous_8)
FNDA:5,(anonymous_9)
FNDA:5,(anonymous_10)
FNDA:3,(anonymous_11)
FNDA:0,(anonymous_12)
FNDA:0,(anonymous_13)
FNDA:0,(anonymous_14)
FNDA:0,(anonymous_15)
FNDA:0,(anonymous_16)
FNDA:0,(anonymous_17)
FNDA:0,(anonymous_18)
FNDA:0,(anonymous_19)
FNDA:0,(anonymous_20)
FNDA:0,(anonymous_21)
DA:1,1
DA:2,1
DA:3,1
DA:4,1
DA:6,1
DA:7,1
DA:9,1
DA:10,0
DA:16,2
DA:17,2
DA:18,0
DA:19,0
DA:24,0
DA:25,0
DA:26,0
DA:27,0
DA:29,0
DA:32,2
DA:37,1
DA:38,1
DA:39,1
DA:41,1
DA:42,1
DA:43,0
DA:45,1
DA:46,1
DA:47,0
DA:51,0
DA:53,0
DA:55,0
DA:57,1
DA:64,0
DA:69,5
DA:70,5
DA:71,5
DA:75,2
DA:76,2
DA:77,2
DA:78,2
DA:80,3
DA:87,0
DA:88,0
DA:89,0
DA:90,0
DA:92,0
DA:99,0
DA:100,0
DA:101,0
DA:103,0
DA:109,0
DA:110,0
DA:111,0
DA:112,0
DA:114,0
DA:122,1
LF:55
LH:27
BRDA:18,0,0,0
BRDA:18,0,1,0
BRDA:42,1,0,0
BRDA:42,1,1,1
BRDA:43,2,0,0
BRDA:43,2,1,0
BRDA:43,3,0,0
BRDA:43,3,1,0
BRDA:46,4,0,0
BRDA:46,4,1,1
BRDA:100,5,0,0
BRDA:100,5,1,0
BRF:12
BRH:2
end_of_record
TN:
SF:/home/admin1/Documents/BLabz_Work-master/fundooApp/logger/logger.js
FNF:0
FNH:0
DA:1,1
DA:3,1
DA:22,1
DA:46,1
LF:4
LH:4
BRF:0
BRH:0
end_of_record
